{
  "/home/user/Code/drowper/fitematch/fitematch-job-api/src/apply/applications/use-cases/create-apply.use-case.ts": {
    "path": "/home/user/Code/drowper/fitematch/fitematch-job-api/src/apply/applications/use-cases/create-apply.use-case.ts",
    "all": false,
    "statementMap": {
      "0": {
        "start": { "line": 1, "column": 0 },
        "end": { "line": 1, "column": 122 }
      },
      "1": {
        "start": { "line": 2, "column": 0 },
        "end": { "line": 2, "column": 117 }
      },
      "2": {
        "start": { "line": 3, "column": 0 },
        "end": { "line": 3, "column": 8 }
      },
      "3": {
        "start": { "line": 4, "column": 0 },
        "end": { "line": 4, "column": 14 }
      },
      "4": {
        "start": { "line": 5, "column": 0 },
        "end": { "line": 5, "column": 13 }
      },
      "5": {
        "start": { "line": 6, "column": 0 },
        "end": { "line": 6, "column": 49 }
      },
      "6": {
        "start": { "line": 7, "column": 0 },
        "end": { "line": 7, "column": 92 }
      },
      "7": {
        "start": { "line": 8, "column": 0 },
        "end": { "line": 8, "column": 0 }
      },
      "8": {
        "start": { "line": 9, "column": 0 },
        "end": { "line": 9, "column": 72 }
      },
      "9": {
        "start": { "line": 10, "column": 0 },
        "end": { "line": 10, "column": 14 }
      },
      "10": {
        "start": { "line": 11, "column": 0 },
        "end": { "line": 11, "column": 75 }
      },
      "11": {
        "start": { "line": 12, "column": 0 },
        "end": { "line": 12, "column": 6 }
      },
      "12": {
        "start": { "line": 13, "column": 0 },
        "end": { "line": 13, "column": 0 }
      },
      "13": {
        "start": { "line": 14, "column": 0 },
        "end": { "line": 14, "column": 52 }
      },
      "14": {
        "start": { "line": 15, "column": 0 },
        "end": { "line": 15, "column": 43 }
      },
      "15": {
        "start": { "line": 16, "column": 0 },
        "end": { "line": 16, "column": 0 }
      },
      "16": {
        "start": { "line": 17, "column": 0 },
        "end": { "line": 17, "column": 67 }
      },
      "17": {
        "start": { "line": 18, "column": 0 },
        "end": { "line": 18, "column": 3 }
      },
      "18": {
        "start": { "line": 19, "column": 0 },
        "end": { "line": 19, "column": 1 }
      }
    },
    "s": {
      "0": 1,
      "1": 1,
      "2": 1,
      "3": 1,
      "4": 1,
      "5": 1,
      "6": 1,
      "7": 1,
      "8": 1,
      "9": 1,
      "10": 3,
      "11": 3,
      "12": 1,
      "13": 1,
      "14": 3,
      "15": 3,
      "16": 3,
      "17": 3,
      "18": 1
    },
    "branchMap": {
      "0": {
        "type": "branch",
        "line": 11,
        "loc": {
          "start": { "line": 11, "column": 21 },
          "end": { "line": 11, "column": 42 }
        },
        "locations": [
          {
            "start": { "line": 11, "column": 21 },
            "end": { "line": 11, "column": 42 }
          }
        ]
      },
      "1": {
        "type": "branch",
        "line": 10,
        "loc": {
          "start": { "line": 10, "column": 2 },
          "end": { "line": 12, "column": 6 }
        },
        "locations": [
          {
            "start": { "line": 10, "column": 2 },
            "end": { "line": 12, "column": 6 }
          }
        ]
      },
      "2": {
        "type": "branch",
        "line": 14,
        "loc": {
          "start": { "line": 14, "column": 2 },
          "end": { "line": 18, "column": 3 }
        },
        "locations": [
          {
            "start": { "line": 14, "column": 2 },
            "end": { "line": 18, "column": 3 }
          }
        ]
      }
    },
    "b": { "0": [3], "1": [3], "2": [3] },
    "fnMap": {
      "0": {
        "name": "<instance_members_initializer>",
        "decl": {
          "start": { "line": 11, "column": 21 },
          "end": { "line": 11, "column": 42 }
        },
        "loc": {
          "start": { "line": 11, "column": 21 },
          "end": { "line": 11, "column": 42 }
        },
        "line": 11
      },
      "1": {
        "name": "CreateApplyUseCase",
        "decl": {
          "start": { "line": 10, "column": 2 },
          "end": { "line": 12, "column": 6 }
        },
        "loc": {
          "start": { "line": 10, "column": 2 },
          "end": { "line": 12, "column": 6 }
        },
        "line": 10
      },
      "2": {
        "name": "execute",
        "decl": {
          "start": { "line": 14, "column": 2 },
          "end": { "line": 18, "column": 3 }
        },
        "loc": {
          "start": { "line": 14, "column": 2 },
          "end": { "line": 18, "column": 3 }
        },
        "line": 14
      }
    },
    "f": { "0": 3, "1": 3, "2": 3 }
  },
  "/home/user/Code/drowper/fitematch/fitematch-job-api/src/apply/applications/use-cases/delete-apply.use-case.ts": {
    "path": "/home/user/Code/drowper/fitematch/fitematch-job-api/src/apply/applications/use-cases/delete-apply.use-case.ts",
    "all": false,
    "statementMap": {
      "0": {
        "start": { "line": 1, "column": 0 },
        "end": { "line": 1, "column": 122 }
      },
      "1": {
        "start": { "line": 2, "column": 0 },
        "end": { "line": 2, "column": 117 }
      },
      "2": {
        "start": { "line": 3, "column": 0 },
        "end": { "line": 3, "column": 102 }
      },
      "3": {
        "start": { "line": 4, "column": 0 },
        "end": { "line": 4, "column": 0 }
      },
      "4": {
        "start": { "line": 5, "column": 0 },
        "end": { "line": 5, "column": 72 }
      },
      "5": {
        "start": { "line": 6, "column": 0 },
        "end": { "line": 6, "column": 14 }
      },
      "6": {
        "start": { "line": 7, "column": 0 },
        "end": { "line": 7, "column": 75 }
      },
      "7": {
        "start": { "line": 8, "column": 0 },
        "end": { "line": 8, "column": 6 }
      },
      "8": {
        "start": { "line": 9, "column": 0 },
        "end": { "line": 9, "column": 0 }
      },
      "9": {
        "start": { "line": 10, "column": 0 },
        "end": { "line": 10, "column": 47 }
      },
      "10": {
        "start": { "line": 11, "column": 0 },
        "end": { "line": 11, "column": 64 }
      },
      "11": {
        "start": { "line": 12, "column": 0 },
        "end": { "line": 12, "column": 0 }
      },
      "12": {
        "start": { "line": 13, "column": 0 },
        "end": { "line": 13, "column": 19 }
      },
      "13": {
        "start": { "line": 14, "column": 0 },
        "end": { "line": 14, "column": 61 }
      },
      "14": {
        "start": { "line": 15, "column": 0 },
        "end": { "line": 15, "column": 5 }
      },
      "15": {
        "start": { "line": 16, "column": 0 },
        "end": { "line": 16, "column": 0 }
      },
      "16": {
        "start": { "line": 17, "column": 0 },
        "end": { "line": 17, "column": 16 }
      },
      "17": {
        "start": { "line": 18, "column": 0 },
        "end": { "line": 18, "column": 3 }
      },
      "18": {
        "start": { "line": 19, "column": 0 },
        "end": { "line": 19, "column": 1 }
      }
    },
    "s": {
      "0": 1,
      "1": 1,
      "2": 1,
      "3": 1,
      "4": 1,
      "5": 1,
      "6": 3,
      "7": 3,
      "8": 1,
      "9": 1,
      "10": 4,
      "11": 3,
      "12": 4,
      "13": 2,
      "14": 2,
      "15": 1,
      "16": 1,
      "17": 1,
      "18": 1
    },
    "branchMap": {
      "0": {
        "type": "branch",
        "line": 7,
        "loc": {
          "start": { "line": 7, "column": 21 },
          "end": { "line": 7, "column": 42 }
        },
        "locations": [
          {
            "start": { "line": 7, "column": 21 },
            "end": { "line": 7, "column": 42 }
          }
        ]
      },
      "1": {
        "type": "branch",
        "line": 6,
        "loc": {
          "start": { "line": 6, "column": 2 },
          "end": { "line": 8, "column": 6 }
        },
        "locations": [
          {
            "start": { "line": 6, "column": 2 },
            "end": { "line": 8, "column": 6 }
          }
        ]
      },
      "2": {
        "type": "branch",
        "line": 10,
        "loc": {
          "start": { "line": 10, "column": 2 },
          "end": { "line": 18, "column": 3 }
        },
        "locations": [
          {
            "start": { "line": 10, "column": 2 },
            "end": { "line": 18, "column": 3 }
          }
        ]
      },
      "3": {
        "type": "branch",
        "line": 12,
        "loc": {
          "start": { "line": 12, "column": -1 },
          "end": { "line": 13, "column": 18 }
        },
        "locations": [
          {
            "start": { "line": 12, "column": -1 },
            "end": { "line": 13, "column": 18 }
          }
        ]
      },
      "4": {
        "type": "branch",
        "line": 13,
        "loc": {
          "start": { "line": 13, "column": 18 },
          "end": { "line": 15, "column": 5 }
        },
        "locations": [
          {
            "start": { "line": 13, "column": 18 },
            "end": { "line": 15, "column": 5 }
          }
        ]
      },
      "5": {
        "type": "branch",
        "line": 16,
        "loc": {
          "start": { "line": 16, "column": -1 },
          "end": { "line": 18, "column": 3 }
        },
        "locations": [
          {
            "start": { "line": 16, "column": -1 },
            "end": { "line": 18, "column": 3 }
          }
        ]
      }
    },
    "b": { "0": [3], "1": [3], "2": [4], "3": [3], "4": [2], "5": [1] },
    "fnMap": {
      "0": {
        "name": "<instance_members_initializer>",
        "decl": {
          "start": { "line": 7, "column": 21 },
          "end": { "line": 7, "column": 42 }
        },
        "loc": {
          "start": { "line": 7, "column": 21 },
          "end": { "line": 7, "column": 42 }
        },
        "line": 7
      },
      "1": {
        "name": "DeleteApplyUseCase",
        "decl": {
          "start": { "line": 6, "column": 2 },
          "end": { "line": 8, "column": 6 }
        },
        "loc": {
          "start": { "line": 6, "column": 2 },
          "end": { "line": 8, "column": 6 }
        },
        "line": 6
      },
      "2": {
        "name": "execute",
        "decl": {
          "start": { "line": 10, "column": 2 },
          "end": { "line": 18, "column": 3 }
        },
        "loc": {
          "start": { "line": 10, "column": 2 },
          "end": { "line": 18, "column": 3 }
        },
        "line": 10
      }
    },
    "f": { "0": 3, "1": 3, "2": 4 }
  },
  "/home/user/Code/drowper/fitematch/fitematch-job-api/src/apply/applications/use-cases/list-apply.use-case.ts": {
    "path": "/home/user/Code/drowper/fitematch/fitematch-job-api/src/apply/applications/use-cases/list-apply.use-case.ts",
    "all": false,
    "statementMap": {
      "0": {
        "start": { "line": 1, "column": 0 },
        "end": { "line": 1, "column": 118 }
      },
      "1": {
        "start": { "line": 2, "column": 0 },
        "end": { "line": 2, "column": 113 }
      },
      "2": {
        "start": { "line": 3, "column": 0 },
        "end": { "line": 3, "column": 92 }
      },
      "3": {
        "start": { "line": 4, "column": 0 },
        "end": { "line": 4, "column": 0 }
      },
      "4": {
        "start": { "line": 5, "column": 0 },
        "end": { "line": 5, "column": 68 }
      },
      "5": {
        "start": { "line": 6, "column": 0 },
        "end": { "line": 6, "column": 14 }
      },
      "6": {
        "start": { "line": 7, "column": 0 },
        "end": { "line": 7, "column": 71 }
      },
      "7": {
        "start": { "line": 8, "column": 0 },
        "end": { "line": 8, "column": 6 }
      },
      "8": {
        "start": { "line": 9, "column": 0 },
        "end": { "line": 9, "column": 0 }
      },
      "9": {
        "start": { "line": 10, "column": 0 },
        "end": { "line": 10, "column": 43 }
      },
      "10": {
        "start": { "line": 11, "column": 0 },
        "end": { "line": 11, "column": 43 }
      },
      "11": {
        "start": { "line": 12, "column": 0 },
        "end": { "line": 12, "column": 3 }
      },
      "12": {
        "start": { "line": 13, "column": 0 },
        "end": { "line": 13, "column": 1 }
      }
    },
    "s": {
      "0": 1,
      "1": 1,
      "2": 1,
      "3": 1,
      "4": 1,
      "5": 1,
      "6": 3,
      "7": 3,
      "8": 1,
      "9": 1,
      "10": 3,
      "11": 3,
      "12": 1
    },
    "branchMap": {
      "0": {
        "type": "branch",
        "line": 7,
        "loc": {
          "start": { "line": 7, "column": 21 },
          "end": { "line": 7, "column": 40 }
        },
        "locations": [
          {
            "start": { "line": 7, "column": 21 },
            "end": { "line": 7, "column": 40 }
          }
        ]
      },
      "1": {
        "type": "branch",
        "line": 6,
        "loc": {
          "start": { "line": 6, "column": 2 },
          "end": { "line": 8, "column": 6 }
        },
        "locations": [
          {
            "start": { "line": 6, "column": 2 },
            "end": { "line": 8, "column": 6 }
          }
        ]
      },
      "2": {
        "type": "branch",
        "line": 10,
        "loc": {
          "start": { "line": 10, "column": 2 },
          "end": { "line": 12, "column": 3 }
        },
        "locations": [
          {
            "start": { "line": 10, "column": 2 },
            "end": { "line": 12, "column": 3 }
          }
        ]
      }
    },
    "b": { "0": [3], "1": [3], "2": [3] },
    "fnMap": {
      "0": {
        "name": "<instance_members_initializer>",
        "decl": {
          "start": { "line": 7, "column": 21 },
          "end": { "line": 7, "column": 40 }
        },
        "loc": {
          "start": { "line": 7, "column": 21 },
          "end": { "line": 7, "column": 40 }
        },
        "line": 7
      },
      "1": {
        "name": "ListApplyUseCase",
        "decl": {
          "start": { "line": 6, "column": 2 },
          "end": { "line": 8, "column": 6 }
        },
        "loc": {
          "start": { "line": 6, "column": 2 },
          "end": { "line": 8, "column": 6 }
        },
        "line": 6
      },
      "2": {
        "name": "execute",
        "decl": {
          "start": { "line": 10, "column": 2 },
          "end": { "line": 12, "column": 3 }
        },
        "loc": {
          "start": { "line": 10, "column": 2 },
          "end": { "line": 12, "column": 3 }
        },
        "line": 10
      }
    },
    "f": { "0": 3, "1": 3, "2": 3 }
  },
  "/home/user/Code/drowper/fitematch/fitematch-job-api/src/apply/applications/use-cases/read-apply.use-case.ts": {
    "path": "/home/user/Code/drowper/fitematch/fitematch-job-api/src/apply/applications/use-cases/read-apply.use-case.ts",
    "all": false,
    "statementMap": {
      "0": {
        "start": { "line": 1, "column": 0 },
        "end": { "line": 1, "column": 118 }
      },
      "1": {
        "start": { "line": 2, "column": 0 },
        "end": { "line": 2, "column": 113 }
      },
      "2": {
        "start": { "line": 3, "column": 0 },
        "end": { "line": 3, "column": 92 }
      },
      "3": {
        "start": { "line": 4, "column": 0 },
        "end": { "line": 4, "column": 102 }
      },
      "4": {
        "start": { "line": 5, "column": 0 },
        "end": { "line": 5, "column": 0 }
      },
      "5": {
        "start": { "line": 6, "column": 0 },
        "end": { "line": 6, "column": 68 }
      },
      "6": {
        "start": { "line": 7, "column": 0 },
        "end": { "line": 7, "column": 14 }
      },
      "7": {
        "start": { "line": 8, "column": 0 },
        "end": { "line": 8, "column": 71 }
      },
      "8": {
        "start": { "line": 9, "column": 0 },
        "end": { "line": 9, "column": 6 }
      },
      "9": {
        "start": { "line": 10, "column": 0 },
        "end": { "line": 10, "column": 0 }
      },
      "10": {
        "start": { "line": 11, "column": 0 },
        "end": { "line": 11, "column": 51 }
      },
      "11": {
        "start": { "line": 12, "column": 0 },
        "end": { "line": 12, "column": 62 }
      },
      "12": {
        "start": { "line": 13, "column": 0 },
        "end": { "line": 13, "column": 0 }
      },
      "13": {
        "start": { "line": 14, "column": 0 },
        "end": { "line": 14, "column": 17 }
      },
      "14": {
        "start": { "line": 15, "column": 0 },
        "end": { "line": 15, "column": 61 }
      },
      "15": {
        "start": { "line": 16, "column": 0 },
        "end": { "line": 16, "column": 5 }
      },
      "16": {
        "start": { "line": 17, "column": 0 },
        "end": { "line": 17, "column": 0 }
      },
      "17": {
        "start": { "line": 18, "column": 0 },
        "end": { "line": 18, "column": 17 }
      },
      "18": {
        "start": { "line": 19, "column": 0 },
        "end": { "line": 19, "column": 3 }
      },
      "19": {
        "start": { "line": 20, "column": 0 },
        "end": { "line": 20, "column": 1 }
      }
    },
    "s": {
      "0": 1,
      "1": 1,
      "2": 1,
      "3": 1,
      "4": 1,
      "5": 1,
      "6": 1,
      "7": 3,
      "8": 3,
      "9": 1,
      "10": 1,
      "11": 4,
      "12": 3,
      "13": 4,
      "14": 2,
      "15": 2,
      "16": 1,
      "17": 1,
      "18": 1,
      "19": 1
    },
    "branchMap": {
      "0": {
        "type": "branch",
        "line": 8,
        "loc": {
          "start": { "line": 8, "column": 21 },
          "end": { "line": 8, "column": 40 }
        },
        "locations": [
          {
            "start": { "line": 8, "column": 21 },
            "end": { "line": 8, "column": 40 }
          }
        ]
      },
      "1": {
        "type": "branch",
        "line": 7,
        "loc": {
          "start": { "line": 7, "column": 2 },
          "end": { "line": 9, "column": 6 }
        },
        "locations": [
          {
            "start": { "line": 7, "column": 2 },
            "end": { "line": 9, "column": 6 }
          }
        ]
      },
      "2": {
        "type": "branch",
        "line": 11,
        "loc": {
          "start": { "line": 11, "column": 2 },
          "end": { "line": 19, "column": 3 }
        },
        "locations": [
          {
            "start": { "line": 11, "column": 2 },
            "end": { "line": 19, "column": 3 }
          }
        ]
      },
      "3": {
        "type": "branch",
        "line": 13,
        "loc": {
          "start": { "line": 13, "column": -1 },
          "end": { "line": 14, "column": 16 }
        },
        "locations": [
          {
            "start": { "line": 13, "column": -1 },
            "end": { "line": 14, "column": 16 }
          }
        ]
      },
      "4": {
        "type": "branch",
        "line": 14,
        "loc": {
          "start": { "line": 14, "column": 16 },
          "end": { "line": 16, "column": 5 }
        },
        "locations": [
          {
            "start": { "line": 14, "column": 16 },
            "end": { "line": 16, "column": 5 }
          }
        ]
      },
      "5": {
        "type": "branch",
        "line": 17,
        "loc": {
          "start": { "line": 17, "column": -1 },
          "end": { "line": 19, "column": 3 }
        },
        "locations": [
          {
            "start": { "line": 17, "column": -1 },
            "end": { "line": 19, "column": 3 }
          }
        ]
      }
    },
    "b": { "0": [3], "1": [3], "2": [4], "3": [3], "4": [2], "5": [1] },
    "fnMap": {
      "0": {
        "name": "<instance_members_initializer>",
        "decl": {
          "start": { "line": 8, "column": 21 },
          "end": { "line": 8, "column": 40 }
        },
        "loc": {
          "start": { "line": 8, "column": 21 },
          "end": { "line": 8, "column": 40 }
        },
        "line": 8
      },
      "1": {
        "name": "ReadApplyUseCase",
        "decl": {
          "start": { "line": 7, "column": 2 },
          "end": { "line": 9, "column": 6 }
        },
        "loc": {
          "start": { "line": 7, "column": 2 },
          "end": { "line": 9, "column": 6 }
        },
        "line": 7
      },
      "2": {
        "name": "execute",
        "decl": {
          "start": { "line": 11, "column": 2 },
          "end": { "line": 19, "column": 3 }
        },
        "loc": {
          "start": { "line": 11, "column": 2 },
          "end": { "line": 19, "column": 3 }
        },
        "line": 11
      }
    },
    "f": { "0": 3, "1": 3, "2": 4 }
  },
  "/home/user/Code/drowper/fitematch/fitematch-job-api/src/apply/applications/use-cases/update-apply.use-case.ts": {
    "path": "/home/user/Code/drowper/fitematch/fitematch-job-api/src/apply/applications/use-cases/update-apply.use-case.ts",
    "all": false,
    "statementMap": {
      "0": {
        "start": { "line": 1, "column": 0 },
        "end": { "line": 1, "column": 122 }
      },
      "1": {
        "start": { "line": 2, "column": 0 },
        "end": { "line": 2, "column": 117 }
      },
      "2": {
        "start": { "line": 3, "column": 0 },
        "end": { "line": 3, "column": 8 }
      },
      "3": {
        "start": { "line": 4, "column": 0 },
        "end": { "line": 4, "column": 14 }
      },
      "4": {
        "start": { "line": 5, "column": 0 },
        "end": { "line": 5, "column": 13 }
      },
      "5": {
        "start": { "line": 6, "column": 0 },
        "end": { "line": 6, "column": 49 }
      },
      "6": {
        "start": { "line": 7, "column": 0 },
        "end": { "line": 7, "column": 92 }
      },
      "7": {
        "start": { "line": 8, "column": 0 },
        "end": { "line": 8, "column": 102 }
      },
      "8": {
        "start": { "line": 9, "column": 0 },
        "end": { "line": 9, "column": 0 }
      },
      "9": {
        "start": { "line": 10, "column": 0 },
        "end": { "line": 10, "column": 72 }
      },
      "10": {
        "start": { "line": 11, "column": 0 },
        "end": { "line": 11, "column": 14 }
      },
      "11": {
        "start": { "line": 12, "column": 0 },
        "end": { "line": 12, "column": 75 }
      },
      "12": {
        "start": { "line": 13, "column": 0 },
        "end": { "line": 13, "column": 6 }
      },
      "13": {
        "start": { "line": 14, "column": 0 },
        "end": { "line": 14, "column": 0 }
      },
      "14": {
        "start": { "line": 15, "column": 0 },
        "end": { "line": 15, "column": 73 }
      },
      "15": {
        "start": { "line": 16, "column": 0 },
        "end": { "line": 16, "column": 58 }
      },
      "16": {
        "start": { "line": 17, "column": 0 },
        "end": { "line": 17, "column": 9 }
      },
      "17": {
        "start": { "line": 18, "column": 0 },
        "end": { "line": 18, "column": 40 }
      },
      "18": {
        "start": { "line": 19, "column": 0 },
        "end": { "line": 19, "column": 6 }
      },
      "19": {
        "start": { "line": 20, "column": 0 },
        "end": { "line": 20, "column": 0 }
      },
      "20": {
        "start": { "line": 21, "column": 0 },
        "end": { "line": 21, "column": 17 }
      },
      "21": {
        "start": { "line": 22, "column": 0 },
        "end": { "line": 22, "column": 61 }
      },
      "22": {
        "start": { "line": 23, "column": 0 },
        "end": { "line": 23, "column": 5 }
      },
      "23": {
        "start": { "line": 24, "column": 0 },
        "end": { "line": 24, "column": 0 }
      },
      "24": {
        "start": { "line": 25, "column": 0 },
        "end": { "line": 25, "column": 17 }
      },
      "25": {
        "start": { "line": 26, "column": 0 },
        "end": { "line": 26, "column": 3 }
      },
      "26": {
        "start": { "line": 27, "column": 0 },
        "end": { "line": 27, "column": 1 }
      }
    },
    "s": {
      "0": 1,
      "1": 1,
      "2": 1,
      "3": 1,
      "4": 1,
      "5": 1,
      "6": 1,
      "7": 1,
      "8": 1,
      "9": 1,
      "10": 1,
      "11": 3,
      "12": 3,
      "13": 1,
      "14": 1,
      "15": 4,
      "16": 4,
      "17": 4,
      "18": 4,
      "19": 3,
      "20": 4,
      "21": 2,
      "22": 2,
      "23": 1,
      "24": 1,
      "25": 1,
      "26": 1
    },
    "branchMap": {
      "0": {
        "type": "branch",
        "line": 12,
        "loc": {
          "start": { "line": 12, "column": 21 },
          "end": { "line": 12, "column": 42 }
        },
        "locations": [
          {
            "start": { "line": 12, "column": 21 },
            "end": { "line": 12, "column": 42 }
          }
        ]
      },
      "1": {
        "type": "branch",
        "line": 11,
        "loc": {
          "start": { "line": 11, "column": 2 },
          "end": { "line": 13, "column": 6 }
        },
        "locations": [
          {
            "start": { "line": 11, "column": 2 },
            "end": { "line": 13, "column": 6 }
          }
        ]
      },
      "2": {
        "type": "branch",
        "line": 15,
        "loc": {
          "start": { "line": 15, "column": 2 },
          "end": { "line": 26, "column": 3 }
        },
        "locations": [
          {
            "start": { "line": 15, "column": 2 },
            "end": { "line": 26, "column": 3 }
          }
        ]
      },
      "3": {
        "type": "branch",
        "line": 20,
        "loc": {
          "start": { "line": 20, "column": -1 },
          "end": { "line": 21, "column": 16 }
        },
        "locations": [
          {
            "start": { "line": 20, "column": -1 },
            "end": { "line": 21, "column": 16 }
          }
        ]
      },
      "4": {
        "type": "branch",
        "line": 21,
        "loc": {
          "start": { "line": 21, "column": 16 },
          "end": { "line": 23, "column": 5 }
        },
        "locations": [
          {
            "start": { "line": 21, "column": 16 },
            "end": { "line": 23, "column": 5 }
          }
        ]
      },
      "5": {
        "type": "branch",
        "line": 24,
        "loc": {
          "start": { "line": 24, "column": -1 },
          "end": { "line": 26, "column": 3 }
        },
        "locations": [
          {
            "start": { "line": 24, "column": -1 },
            "end": { "line": 26, "column": 3 }
          }
        ]
      }
    },
    "b": { "0": [3], "1": [3], "2": [4], "3": [3], "4": [2], "5": [1] },
    "fnMap": {
      "0": {
        "name": "<instance_members_initializer>",
        "decl": {
          "start": { "line": 12, "column": 21 },
          "end": { "line": 12, "column": 42 }
        },
        "loc": {
          "start": { "line": 12, "column": 21 },
          "end": { "line": 12, "column": 42 }
        },
        "line": 12
      },
      "1": {
        "name": "UpdateApplyUseCase",
        "decl": {
          "start": { "line": 11, "column": 2 },
          "end": { "line": 13, "column": 6 }
        },
        "loc": {
          "start": { "line": 11, "column": 2 },
          "end": { "line": 13, "column": 6 }
        },
        "line": 11
      },
      "2": {
        "name": "execute",
        "decl": {
          "start": { "line": 15, "column": 2 },
          "end": { "line": 26, "column": 3 }
        },
        "loc": {
          "start": { "line": 15, "column": 2 },
          "end": { "line": 26, "column": 3 }
        },
        "line": 15
      }
    },
    "f": { "0": 3, "1": 3, "2": 4 }
  },
  "/home/user/Code/drowper/fitematch/fitematch-job-api/src/company/applications/use-cases/create-company.use-case.ts": {
    "path": "/home/user/Code/drowper/fitematch/fitematch-job-api/src/company/applications/use-cases/create-company.use-case.ts",
    "all": false,
    "statementMap": {
      "0": {
        "start": { "line": 1, "column": 0 },
        "end": { "line": 1, "column": 128 }
      },
      "1": {
        "start": { "line": 2, "column": 0 },
        "end": { "line": 2, "column": 123 }
      },
      "2": {
        "start": { "line": 3, "column": 0 },
        "end": { "line": 3, "column": 8 }
      },
      "3": {
        "start": { "line": 4, "column": 0 },
        "end": { "line": 4, "column": 16 }
      },
      "4": {
        "start": { "line": 5, "column": 0 },
        "end": { "line": 5, "column": 15 }
      },
      "5": {
        "start": { "line": 6, "column": 0 },
        "end": { "line": 6, "column": 53 }
      },
      "6": {
        "start": { "line": 7, "column": 0 },
        "end": { "line": 7, "column": 98 }
      },
      "7": {
        "start": { "line": 8, "column": 0 },
        "end": { "line": 8, "column": 0 }
      },
      "8": {
        "start": { "line": 9, "column": 0 },
        "end": { "line": 9, "column": 76 }
      },
      "9": {
        "start": { "line": 10, "column": 0 },
        "end": { "line": 10, "column": 14 }
      },
      "10": {
        "start": { "line": 11, "column": 0 },
        "end": { "line": 11, "column": 79 }
      },
      "11": {
        "start": { "line": 12, "column": 0 },
        "end": { "line": 12, "column": 6 }
      },
      "12": {
        "start": { "line": 13, "column": 0 },
        "end": { "line": 13, "column": 0 }
      },
      "13": {
        "start": { "line": 14, "column": 0 },
        "end": { "line": 14, "column": 56 }
      },
      "14": {
        "start": { "line": 15, "column": 0 },
        "end": { "line": 15, "column": 47 }
      },
      "15": {
        "start": { "line": 16, "column": 0 },
        "end": { "line": 16, "column": 0 }
      },
      "16": {
        "start": { "line": 17, "column": 0 },
        "end": { "line": 17, "column": 71 }
      },
      "17": {
        "start": { "line": 18, "column": 0 },
        "end": { "line": 18, "column": 3 }
      },
      "18": {
        "start": { "line": 19, "column": 0 },
        "end": { "line": 19, "column": 1 }
      }
    },
    "s": {
      "0": 1,
      "1": 1,
      "2": 1,
      "3": 1,
      "4": 1,
      "5": 1,
      "6": 1,
      "7": 1,
      "8": 1,
      "9": 1,
      "10": 3,
      "11": 3,
      "12": 1,
      "13": 1,
      "14": 3,
      "15": 3,
      "16": 3,
      "17": 3,
      "18": 1
    },
    "branchMap": {
      "0": {
        "type": "branch",
        "line": 11,
        "loc": {
          "start": { "line": 11, "column": 21 },
          "end": { "line": 11, "column": 44 }
        },
        "locations": [
          {
            "start": { "line": 11, "column": 21 },
            "end": { "line": 11, "column": 44 }
          }
        ]
      },
      "1": {
        "type": "branch",
        "line": 10,
        "loc": {
          "start": { "line": 10, "column": 2 },
          "end": { "line": 12, "column": 6 }
        },
        "locations": [
          {
            "start": { "line": 10, "column": 2 },
            "end": { "line": 12, "column": 6 }
          }
        ]
      },
      "2": {
        "type": "branch",
        "line": 14,
        "loc": {
          "start": { "line": 14, "column": 2 },
          "end": { "line": 18, "column": 3 }
        },
        "locations": [
          {
            "start": { "line": 14, "column": 2 },
            "end": { "line": 18, "column": 3 }
          }
        ]
      }
    },
    "b": { "0": [3], "1": [3], "2": [3] },
    "fnMap": {
      "0": {
        "name": "<instance_members_initializer>",
        "decl": {
          "start": { "line": 11, "column": 21 },
          "end": { "line": 11, "column": 44 }
        },
        "loc": {
          "start": { "line": 11, "column": 21 },
          "end": { "line": 11, "column": 44 }
        },
        "line": 11
      },
      "1": {
        "name": "CreateCompanyUseCase",
        "decl": {
          "start": { "line": 10, "column": 2 },
          "end": { "line": 12, "column": 6 }
        },
        "loc": {
          "start": { "line": 10, "column": 2 },
          "end": { "line": 12, "column": 6 }
        },
        "line": 10
      },
      "2": {
        "name": "execute",
        "decl": {
          "start": { "line": 14, "column": 2 },
          "end": { "line": 18, "column": 3 }
        },
        "loc": {
          "start": { "line": 14, "column": 2 },
          "end": { "line": 18, "column": 3 }
        },
        "line": 14
      }
    },
    "f": { "0": 3, "1": 3, "2": 3 }
  },
  "/home/user/Code/drowper/fitematch/fitematch-job-api/src/company/applications/use-cases/delete-company.use-case.ts": {
    "path": "/home/user/Code/drowper/fitematch/fitematch-job-api/src/company/applications/use-cases/delete-company.use-case.ts",
    "all": false,
    "statementMap": {
      "0": {
        "start": { "line": 1, "column": 0 },
        "end": { "line": 1, "column": 128 }
      },
      "1": {
        "start": { "line": 2, "column": 0 },
        "end": { "line": 2, "column": 123 }
      },
      "2": {
        "start": { "line": 3, "column": 0 },
        "end": { "line": 3, "column": 102 }
      },
      "3": {
        "start": { "line": 4, "column": 0 },
        "end": { "line": 4, "column": 0 }
      },
      "4": {
        "start": { "line": 5, "column": 0 },
        "end": { "line": 5, "column": 76 }
      },
      "5": {
        "start": { "line": 6, "column": 0 },
        "end": { "line": 6, "column": 14 }
      },
      "6": {
        "start": { "line": 7, "column": 0 },
        "end": { "line": 7, "column": 79 }
      },
      "7": {
        "start": { "line": 8, "column": 0 },
        "end": { "line": 8, "column": 6 }
      },
      "8": {
        "start": { "line": 9, "column": 0 },
        "end": { "line": 9, "column": 0 }
      },
      "9": {
        "start": { "line": 10, "column": 0 },
        "end": { "line": 10, "column": 47 }
      },
      "10": {
        "start": { "line": 11, "column": 0 },
        "end": { "line": 11, "column": 66 }
      },
      "11": {
        "start": { "line": 12, "column": 0 },
        "end": { "line": 12, "column": 0 }
      },
      "12": {
        "start": { "line": 13, "column": 0 },
        "end": { "line": 13, "column": 19 }
      },
      "13": {
        "start": { "line": 14, "column": 0 },
        "end": { "line": 14, "column": 63 }
      },
      "14": {
        "start": { "line": 15, "column": 0 },
        "end": { "line": 15, "column": 5 }
      },
      "15": {
        "start": { "line": 16, "column": 0 },
        "end": { "line": 16, "column": 0 }
      },
      "16": {
        "start": { "line": 17, "column": 0 },
        "end": { "line": 17, "column": 16 }
      },
      "17": {
        "start": { "line": 18, "column": 0 },
        "end": { "line": 18, "column": 3 }
      },
      "18": {
        "start": { "line": 19, "column": 0 },
        "end": { "line": 19, "column": 1 }
      }
    },
    "s": {
      "0": 1,
      "1": 1,
      "2": 1,
      "3": 1,
      "4": 1,
      "5": 1,
      "6": 3,
      "7": 3,
      "8": 1,
      "9": 1,
      "10": 4,
      "11": 3,
      "12": 4,
      "13": 2,
      "14": 2,
      "15": 1,
      "16": 1,
      "17": 1,
      "18": 1
    },
    "branchMap": {
      "0": {
        "type": "branch",
        "line": 7,
        "loc": {
          "start": { "line": 7, "column": 21 },
          "end": { "line": 7, "column": 44 }
        },
        "locations": [
          {
            "start": { "line": 7, "column": 21 },
            "end": { "line": 7, "column": 44 }
          }
        ]
      },
      "1": {
        "type": "branch",
        "line": 6,
        "loc": {
          "start": { "line": 6, "column": 2 },
          "end": { "line": 8, "column": 6 }
        },
        "locations": [
          {
            "start": { "line": 6, "column": 2 },
            "end": { "line": 8, "column": 6 }
          }
        ]
      },
      "2": {
        "type": "branch",
        "line": 10,
        "loc": {
          "start": { "line": 10, "column": 2 },
          "end": { "line": 18, "column": 3 }
        },
        "locations": [
          {
            "start": { "line": 10, "column": 2 },
            "end": { "line": 18, "column": 3 }
          }
        ]
      },
      "3": {
        "type": "branch",
        "line": 12,
        "loc": {
          "start": { "line": 12, "column": -1 },
          "end": { "line": 13, "column": 18 }
        },
        "locations": [
          {
            "start": { "line": 12, "column": -1 },
            "end": { "line": 13, "column": 18 }
          }
        ]
      },
      "4": {
        "type": "branch",
        "line": 13,
        "loc": {
          "start": { "line": 13, "column": 18 },
          "end": { "line": 15, "column": 5 }
        },
        "locations": [
          {
            "start": { "line": 13, "column": 18 },
            "end": { "line": 15, "column": 5 }
          }
        ]
      },
      "5": {
        "type": "branch",
        "line": 16,
        "loc": {
          "start": { "line": 16, "column": -1 },
          "end": { "line": 18, "column": 3 }
        },
        "locations": [
          {
            "start": { "line": 16, "column": -1 },
            "end": { "line": 18, "column": 3 }
          }
        ]
      }
    },
    "b": { "0": [3], "1": [3], "2": [4], "3": [3], "4": [2], "5": [1] },
    "fnMap": {
      "0": {
        "name": "<instance_members_initializer>",
        "decl": {
          "start": { "line": 7, "column": 21 },
          "end": { "line": 7, "column": 44 }
        },
        "loc": {
          "start": { "line": 7, "column": 21 },
          "end": { "line": 7, "column": 44 }
        },
        "line": 7
      },
      "1": {
        "name": "DeleteCompanyUseCase",
        "decl": {
          "start": { "line": 6, "column": 2 },
          "end": { "line": 8, "column": 6 }
        },
        "loc": {
          "start": { "line": 6, "column": 2 },
          "end": { "line": 8, "column": 6 }
        },
        "line": 6
      },
      "2": {
        "name": "execute",
        "decl": {
          "start": { "line": 10, "column": 2 },
          "end": { "line": 18, "column": 3 }
        },
        "loc": {
          "start": { "line": 10, "column": 2 },
          "end": { "line": 18, "column": 3 }
        },
        "line": 10
      }
    },
    "f": { "0": 3, "1": 3, "2": 4 }
  },
  "/home/user/Code/drowper/fitematch/fitematch-job-api/src/company/applications/use-cases/list-company.use-case.ts": {
    "path": "/home/user/Code/drowper/fitematch/fitematch-job-api/src/company/applications/use-cases/list-company.use-case.ts",
    "all": false,
    "statementMap": {
      "0": {
        "start": { "line": 1, "column": 0 },
        "end": { "line": 1, "column": 124 }
      },
      "1": {
        "start": { "line": 2, "column": 0 },
        "end": { "line": 2, "column": 119 }
      },
      "2": {
        "start": { "line": 3, "column": 0 },
        "end": { "line": 3, "column": 98 }
      },
      "3": {
        "start": { "line": 4, "column": 0 },
        "end": { "line": 4, "column": 0 }
      },
      "4": {
        "start": { "line": 5, "column": 0 },
        "end": { "line": 5, "column": 72 }
      },
      "5": {
        "start": { "line": 6, "column": 0 },
        "end": { "line": 6, "column": 14 }
      },
      "6": {
        "start": { "line": 7, "column": 0 },
        "end": { "line": 7, "column": 75 }
      },
      "7": {
        "start": { "line": 8, "column": 0 },
        "end": { "line": 8, "column": 6 }
      },
      "8": {
        "start": { "line": 9, "column": 0 },
        "end": { "line": 9, "column": 0 }
      },
      "9": {
        "start": { "line": 10, "column": 0 },
        "end": { "line": 10, "column": 45 }
      },
      "10": {
        "start": { "line": 11, "column": 0 },
        "end": { "line": 11, "column": 45 }
      },
      "11": {
        "start": { "line": 12, "column": 0 },
        "end": { "line": 12, "column": 3 }
      },
      "12": {
        "start": { "line": 13, "column": 0 },
        "end": { "line": 13, "column": 1 }
      }
    },
    "s": {
      "0": 1,
      "1": 1,
      "2": 1,
      "3": 1,
      "4": 1,
      "5": 1,
      "6": 3,
      "7": 3,
      "8": 1,
      "9": 1,
      "10": 3,
      "11": 3,
      "12": 1
    },
    "branchMap": {
      "0": {
        "type": "branch",
        "line": 7,
        "loc": {
          "start": { "line": 7, "column": 21 },
          "end": { "line": 7, "column": 42 }
        },
        "locations": [
          {
            "start": { "line": 7, "column": 21 },
            "end": { "line": 7, "column": 42 }
          }
        ]
      },
      "1": {
        "type": "branch",
        "line": 6,
        "loc": {
          "start": { "line": 6, "column": 2 },
          "end": { "line": 8, "column": 6 }
        },
        "locations": [
          {
            "start": { "line": 6, "column": 2 },
            "end": { "line": 8, "column": 6 }
          }
        ]
      },
      "2": {
        "type": "branch",
        "line": 10,
        "loc": {
          "start": { "line": 10, "column": 2 },
          "end": { "line": 12, "column": 3 }
        },
        "locations": [
          {
            "start": { "line": 10, "column": 2 },
            "end": { "line": 12, "column": 3 }
          }
        ]
      }
    },
    "b": { "0": [3], "1": [3], "2": [3] },
    "fnMap": {
      "0": {
        "name": "<instance_members_initializer>",
        "decl": {
          "start": { "line": 7, "column": 21 },
          "end": { "line": 7, "column": 42 }
        },
        "loc": {
          "start": { "line": 7, "column": 21 },
          "end": { "line": 7, "column": 42 }
        },
        "line": 7
      },
      "1": {
        "name": "ListCompanyUseCase",
        "decl": {
          "start": { "line": 6, "column": 2 },
          "end": { "line": 8, "column": 6 }
        },
        "loc": {
          "start": { "line": 6, "column": 2 },
          "end": { "line": 8, "column": 6 }
        },
        "line": 6
      },
      "2": {
        "name": "execute",
        "decl": {
          "start": { "line": 10, "column": 2 },
          "end": { "line": 12, "column": 3 }
        },
        "loc": {
          "start": { "line": 10, "column": 2 },
          "end": { "line": 12, "column": 3 }
        },
        "line": 10
      }
    },
    "f": { "0": 3, "1": 3, "2": 3 }
  },
  "/home/user/Code/drowper/fitematch/fitematch-job-api/src/company/applications/use-cases/read-company.use-case.ts": {
    "path": "/home/user/Code/drowper/fitematch/fitematch-job-api/src/company/applications/use-cases/read-company.use-case.ts",
    "all": false,
    "statementMap": {
      "0": {
        "start": { "line": 1, "column": 0 },
        "end": { "line": 1, "column": 124 }
      },
      "1": {
        "start": { "line": 2, "column": 0 },
        "end": { "line": 2, "column": 119 }
      },
      "2": {
        "start": { "line": 3, "column": 0 },
        "end": { "line": 3, "column": 98 }
      },
      "3": {
        "start": { "line": 4, "column": 0 },
        "end": { "line": 4, "column": 102 }
      },
      "4": {
        "start": { "line": 5, "column": 0 },
        "end": { "line": 5, "column": 0 }
      },
      "5": {
        "start": { "line": 6, "column": 0 },
        "end": { "line": 6, "column": 72 }
      },
      "6": {
        "start": { "line": 7, "column": 0 },
        "end": { "line": 7, "column": 14 }
      },
      "7": {
        "start": { "line": 8, "column": 0 },
        "end": { "line": 8, "column": 75 }
      },
      "8": {
        "start": { "line": 9, "column": 0 },
        "end": { "line": 9, "column": 6 }
      },
      "9": {
        "start": { "line": 10, "column": 0 },
        "end": { "line": 10, "column": 0 }
      },
      "10": {
        "start": { "line": 11, "column": 0 },
        "end": { "line": 11, "column": 53 }
      },
      "11": {
        "start": { "line": 12, "column": 0 },
        "end": { "line": 12, "column": 66 }
      },
      "12": {
        "start": { "line": 13, "column": 0 },
        "end": { "line": 13, "column": 0 }
      },
      "13": {
        "start": { "line": 14, "column": 0 },
        "end": { "line": 14, "column": 19 }
      },
      "14": {
        "start": { "line": 15, "column": 0 },
        "end": { "line": 15, "column": 63 }
      },
      "15": {
        "start": { "line": 16, "column": 0 },
        "end": { "line": 16, "column": 5 }
      },
      "16": {
        "start": { "line": 17, "column": 0 },
        "end": { "line": 17, "column": 0 }
      },
      "17": {
        "start": { "line": 18, "column": 0 },
        "end": { "line": 18, "column": 19 }
      },
      "18": {
        "start": { "line": 19, "column": 0 },
        "end": { "line": 19, "column": 3 }
      },
      "19": {
        "start": { "line": 20, "column": 0 },
        "end": { "line": 20, "column": 1 }
      }
    },
    "s": {
      "0": 1,
      "1": 1,
      "2": 1,
      "3": 1,
      "4": 1,
      "5": 1,
      "6": 1,
      "7": 3,
      "8": 3,
      "9": 1,
      "10": 1,
      "11": 4,
      "12": 3,
      "13": 4,
      "14": 2,
      "15": 2,
      "16": 1,
      "17": 1,
      "18": 1,
      "19": 1
    },
    "branchMap": {
      "0": {
        "type": "branch",
        "line": 8,
        "loc": {
          "start": { "line": 8, "column": 21 },
          "end": { "line": 8, "column": 42 }
        },
        "locations": [
          {
            "start": { "line": 8, "column": 21 },
            "end": { "line": 8, "column": 42 }
          }
        ]
      },
      "1": {
        "type": "branch",
        "line": 7,
        "loc": {
          "start": { "line": 7, "column": 2 },
          "end": { "line": 9, "column": 6 }
        },
        "locations": [
          {
            "start": { "line": 7, "column": 2 },
            "end": { "line": 9, "column": 6 }
          }
        ]
      },
      "2": {
        "type": "branch",
        "line": 11,
        "loc": {
          "start": { "line": 11, "column": 2 },
          "end": { "line": 19, "column": 3 }
        },
        "locations": [
          {
            "start": { "line": 11, "column": 2 },
            "end": { "line": 19, "column": 3 }
          }
        ]
      },
      "3": {
        "type": "branch",
        "line": 13,
        "loc": {
          "start": { "line": 13, "column": -1 },
          "end": { "line": 14, "column": 18 }
        },
        "locations": [
          {
            "start": { "line": 13, "column": -1 },
            "end": { "line": 14, "column": 18 }
          }
        ]
      },
      "4": {
        "type": "branch",
        "line": 14,
        "loc": {
          "start": { "line": 14, "column": 18 },
          "end": { "line": 16, "column": 5 }
        },
        "locations": [
          {
            "start": { "line": 14, "column": 18 },
            "end": { "line": 16, "column": 5 }
          }
        ]
      },
      "5": {
        "type": "branch",
        "line": 17,
        "loc": {
          "start": { "line": 17, "column": -1 },
          "end": { "line": 19, "column": 3 }
        },
        "locations": [
          {
            "start": { "line": 17, "column": -1 },
            "end": { "line": 19, "column": 3 }
          }
        ]
      }
    },
    "b": { "0": [3], "1": [3], "2": [4], "3": [3], "4": [2], "5": [1] },
    "fnMap": {
      "0": {
        "name": "<instance_members_initializer>",
        "decl": {
          "start": { "line": 8, "column": 21 },
          "end": { "line": 8, "column": 42 }
        },
        "loc": {
          "start": { "line": 8, "column": 21 },
          "end": { "line": 8, "column": 42 }
        },
        "line": 8
      },
      "1": {
        "name": "ReadCompanyUseCase",
        "decl": {
          "start": { "line": 7, "column": 2 },
          "end": { "line": 9, "column": 6 }
        },
        "loc": {
          "start": { "line": 7, "column": 2 },
          "end": { "line": 9, "column": 6 }
        },
        "line": 7
      },
      "2": {
        "name": "execute",
        "decl": {
          "start": { "line": 11, "column": 2 },
          "end": { "line": 19, "column": 3 }
        },
        "loc": {
          "start": { "line": 11, "column": 2 },
          "end": { "line": 19, "column": 3 }
        },
        "line": 11
      }
    },
    "f": { "0": 3, "1": 3, "2": 4 }
  },
  "/home/user/Code/drowper/fitematch/fitematch-job-api/src/company/applications/use-cases/update-company.use-case.ts": {
    "path": "/home/user/Code/drowper/fitematch/fitematch-job-api/src/company/applications/use-cases/update-company.use-case.ts",
    "all": false,
    "statementMap": {
      "0": {
        "start": { "line": 1, "column": 0 },
        "end": { "line": 1, "column": 128 }
      },
      "1": {
        "start": { "line": 2, "column": 0 },
        "end": { "line": 2, "column": 123 }
      },
      "2": {
        "start": { "line": 3, "column": 0 },
        "end": { "line": 3, "column": 8 }
      },
      "3": {
        "start": { "line": 4, "column": 0 },
        "end": { "line": 4, "column": 16 }
      },
      "4": {
        "start": { "line": 5, "column": 0 },
        "end": { "line": 5, "column": 15 }
      },
      "5": {
        "start": { "line": 6, "column": 0 },
        "end": { "line": 6, "column": 53 }
      },
      "6": {
        "start": { "line": 7, "column": 0 },
        "end": { "line": 7, "column": 98 }
      },
      "7": {
        "start": { "line": 8, "column": 0 },
        "end": { "line": 8, "column": 102 }
      },
      "8": {
        "start": { "line": 9, "column": 0 },
        "end": { "line": 9, "column": 0 }
      },
      "9": {
        "start": { "line": 10, "column": 0 },
        "end": { "line": 10, "column": 76 }
      },
      "10": {
        "start": { "line": 11, "column": 0 },
        "end": { "line": 11, "column": 14 }
      },
      "11": {
        "start": { "line": 12, "column": 0 },
        "end": { "line": 12, "column": 79 }
      },
      "12": {
        "start": { "line": 13, "column": 0 },
        "end": { "line": 13, "column": 6 }
      },
      "13": {
        "start": { "line": 14, "column": 0 },
        "end": { "line": 14, "column": 0 }
      },
      "14": {
        "start": { "line": 15, "column": 0 },
        "end": { "line": 15, "column": 77 }
      },
      "15": {
        "start": { "line": 16, "column": 0 },
        "end": { "line": 16, "column": 62 }
      },
      "16": {
        "start": { "line": 17, "column": 0 },
        "end": { "line": 17, "column": 9 }
      },
      "17": {
        "start": { "line": 18, "column": 0 },
        "end": { "line": 18, "column": 42 }
      },
      "18": {
        "start": { "line": 19, "column": 0 },
        "end": { "line": 19, "column": 6 }
      },
      "19": {
        "start": { "line": 20, "column": 0 },
        "end": { "line": 20, "column": 0 }
      },
      "20": {
        "start": { "line": 21, "column": 0 },
        "end": { "line": 21, "column": 19 }
      },
      "21": {
        "start": { "line": 22, "column": 0 },
        "end": { "line": 22, "column": 63 }
      },
      "22": {
        "start": { "line": 23, "column": 0 },
        "end": { "line": 23, "column": 5 }
      },
      "23": {
        "start": { "line": 24, "column": 0 },
        "end": { "line": 24, "column": 0 }
      },
      "24": {
        "start": { "line": 25, "column": 0 },
        "end": { "line": 25, "column": 19 }
      },
      "25": {
        "start": { "line": 26, "column": 0 },
        "end": { "line": 26, "column": 3 }
      },
      "26": {
        "start": { "line": 27, "column": 0 },
        "end": { "line": 27, "column": 1 }
      }
    },
    "s": {
      "0": 1,
      "1": 1,
      "2": 1,
      "3": 1,
      "4": 1,
      "5": 1,
      "6": 1,
      "7": 1,
      "8": 1,
      "9": 1,
      "10": 1,
      "11": 3,
      "12": 3,
      "13": 1,
      "14": 1,
      "15": 4,
      "16": 4,
      "17": 4,
      "18": 4,
      "19": 3,
      "20": 4,
      "21": 2,
      "22": 2,
      "23": 1,
      "24": 1,
      "25": 1,
      "26": 1
    },
    "branchMap": {
      "0": {
        "type": "branch",
        "line": 12,
        "loc": {
          "start": { "line": 12, "column": 21 },
          "end": { "line": 12, "column": 44 }
        },
        "locations": [
          {
            "start": { "line": 12, "column": 21 },
            "end": { "line": 12, "column": 44 }
          }
        ]
      },
      "1": {
        "type": "branch",
        "line": 11,
        "loc": {
          "start": { "line": 11, "column": 2 },
          "end": { "line": 13, "column": 6 }
        },
        "locations": [
          {
            "start": { "line": 11, "column": 2 },
            "end": { "line": 13, "column": 6 }
          }
        ]
      },
      "2": {
        "type": "branch",
        "line": 15,
        "loc": {
          "start": { "line": 15, "column": 2 },
          "end": { "line": 26, "column": 3 }
        },
        "locations": [
          {
            "start": { "line": 15, "column": 2 },
            "end": { "line": 26, "column": 3 }
          }
        ]
      },
      "3": {
        "type": "branch",
        "line": 20,
        "loc": {
          "start": { "line": 20, "column": -1 },
          "end": { "line": 21, "column": 18 }
        },
        "locations": [
          {
            "start": { "line": 20, "column": -1 },
            "end": { "line": 21, "column": 18 }
          }
        ]
      },
      "4": {
        "type": "branch",
        "line": 21,
        "loc": {
          "start": { "line": 21, "column": 18 },
          "end": { "line": 23, "column": 5 }
        },
        "locations": [
          {
            "start": { "line": 21, "column": 18 },
            "end": { "line": 23, "column": 5 }
          }
        ]
      },
      "5": {
        "type": "branch",
        "line": 24,
        "loc": {
          "start": { "line": 24, "column": -1 },
          "end": { "line": 26, "column": 3 }
        },
        "locations": [
          {
            "start": { "line": 24, "column": -1 },
            "end": { "line": 26, "column": 3 }
          }
        ]
      }
    },
    "b": { "0": [3], "1": [3], "2": [4], "3": [3], "4": [2], "5": [1] },
    "fnMap": {
      "0": {
        "name": "<instance_members_initializer>",
        "decl": {
          "start": { "line": 12, "column": 21 },
          "end": { "line": 12, "column": 44 }
        },
        "loc": {
          "start": { "line": 12, "column": 21 },
          "end": { "line": 12, "column": 44 }
        },
        "line": 12
      },
      "1": {
        "name": "UpdateCompanyUseCase",
        "decl": {
          "start": { "line": 11, "column": 2 },
          "end": { "line": 13, "column": 6 }
        },
        "loc": {
          "start": { "line": 11, "column": 2 },
          "end": { "line": 13, "column": 6 }
        },
        "line": 11
      },
      "2": {
        "name": "execute",
        "decl": {
          "start": { "line": 15, "column": 2 },
          "end": { "line": 26, "column": 3 }
        },
        "loc": {
          "start": { "line": 15, "column": 2 },
          "end": { "line": 26, "column": 3 }
        },
        "line": 15
      }
    },
    "f": { "0": 3, "1": 3, "2": 4 }
  },
  "/home/user/Code/drowper/fitematch/fitematch-job-api/src/health-check/applications/use-cases/health-check.use-case.ts": {
    "path": "/home/user/Code/drowper/fitematch/fitematch-job-api/src/health-check/applications/use-cases/health-check.use-case.ts",
    "all": false,
    "statementMap": {
      "0": {
        "start": { "line": 1, "column": 0 },
        "end": { "line": 1, "column": 13 }
      },
      "1": {
        "start": { "line": 2, "column": 0 },
        "end": { "line": 2, "column": 22 }
      },
      "2": {
        "start": { "line": 3, "column": 0 },
        "end": { "line": 3, "column": 30 }
      },
      "3": {
        "start": { "line": 4, "column": 0 },
        "end": { "line": 4, "column": 54 }
      },
      "4": {
        "start": { "line": 5, "column": 0 },
        "end": { "line": 5, "column": 0 }
      },
      "5": {
        "start": { "line": 6, "column": 0 },
        "end": { "line": 6, "column": 72 }
      },
      "6": {
        "start": { "line": 7, "column": 0 },
        "end": { "line": 7, "column": 34 }
      },
      "7": {
        "start": { "line": 8, "column": 0 },
        "end": { "line": 8, "column": 12 }
      },
      "8": {
        "start": { "line": 9, "column": 0 },
        "end": { "line": 9, "column": 20 }
      },
      "9": {
        "start": { "line": 10, "column": 0 },
        "end": { "line": 10, "column": 18 }
      },
      "10": {
        "start": { "line": 11, "column": 0 },
        "end": { "line": 11, "column": 58 }
      },
      "11": {
        "start": { "line": 12, "column": 0 },
        "end": { "line": 12, "column": 6 }
      },
      "12": {
        "start": { "line": 13, "column": 0 },
        "end": { "line": 13, "column": 3 }
      },
      "13": {
        "start": { "line": 14, "column": 0 },
        "end": { "line": 14, "column": 1 }
      }
    },
    "s": {
      "0": 1,
      "1": 1,
      "2": 1,
      "3": 1,
      "4": 1,
      "5": 1,
      "6": 1,
      "7": 2,
      "8": 2,
      "9": 2,
      "10": 2,
      "11": 2,
      "12": 2,
      "13": 1
    },
    "branchMap": {
      "0": {
        "type": "branch",
        "line": 7,
        "loc": {
          "start": { "line": 7, "column": 2 },
          "end": { "line": 13, "column": 3 }
        },
        "locations": [
          {
            "start": { "line": 7, "column": 2 },
            "end": { "line": 13, "column": 3 }
          }
        ]
      },
      "1": {
        "type": "branch",
        "line": 11,
        "loc": {
          "start": { "line": 11, "column": 46 },
          "end": { "line": 11, "column": 57 }
        },
        "locations": [
          {
            "start": { "line": 11, "column": 46 },
            "end": { "line": 11, "column": 57 }
          }
        ]
      }
    },
    "b": { "0": [2], "1": [1] },
    "fnMap": {
      "0": {
        "name": "execute",
        "decl": {
          "start": { "line": 7, "column": 2 },
          "end": { "line": 13, "column": 3 }
        },
        "loc": {
          "start": { "line": 7, "column": 2 },
          "end": { "line": 13, "column": 3 }
        },
        "line": 7
      }
    },
    "f": { "0": 2 }
  },
  "/home/user/Code/drowper/fitematch/fitematch-job-api/src/job/applications/use-cases/create-job.use-case.ts": {
    "path": "/home/user/Code/drowper/fitematch/fitematch-job-api/src/job/applications/use-cases/create-job.use-case.ts",
    "all": false,
    "statementMap": {
      "0": {
        "start": { "line": 1, "column": 0 },
        "end": { "line": 1, "column": 116 }
      },
      "1": {
        "start": { "line": 2, "column": 0 },
        "end": { "line": 2, "column": 93 }
      },
      "2": {
        "start": { "line": 3, "column": 0 },
        "end": { "line": 3, "column": 111 }
      },
      "3": {
        "start": { "line": 4, "column": 0 },
        "end": { "line": 4, "column": 88 }
      },
      "4": {
        "start": { "line": 5, "column": 0 },
        "end": { "line": 5, "column": 64 }
      },
      "5": {
        "start": { "line": 6, "column": 0 },
        "end": { "line": 6, "column": 86 }
      },
      "6": {
        "start": { "line": 7, "column": 0 },
        "end": { "line": 7, "column": 102 }
      },
      "7": {
        "start": { "line": 8, "column": 0 },
        "end": { "line": 8, "column": 0 }
      },
      "8": {
        "start": { "line": 9, "column": 0 },
        "end": { "line": 9, "column": 68 }
      },
      "9": {
        "start": { "line": 10, "column": 0 },
        "end": { "line": 10, "column": 14 }
      },
      "10": {
        "start": { "line": 11, "column": 0 },
        "end": { "line": 11, "column": 71 }
      },
      "11": {
        "start": { "line": 12, "column": 0 },
        "end": { "line": 12, "column": 54 }
      },
      "12": {
        "start": { "line": 13, "column": 0 },
        "end": { "line": 13, "column": 6 }
      },
      "13": {
        "start": { "line": 14, "column": 0 },
        "end": { "line": 14, "column": 0 }
      },
      "14": {
        "start": { "line": 15, "column": 0 },
        "end": { "line": 15, "column": 55 }
      },
      "15": {
        "start": { "line": 16, "column": 0 },
        "end": { "line": 16, "column": 47 }
      },
      "16": {
        "start": { "line": 17, "column": 0 },
        "end": { "line": 17, "column": 54 }
      },
      "17": {
        "start": { "line": 18, "column": 0 },
        "end": { "line": 18, "column": 33 }
      },
      "18": {
        "start": { "line": 19, "column": 0 },
        "end": { "line": 19, "column": 6 }
      },
      "19": {
        "start": { "line": 20, "column": 0 },
        "end": { "line": 20, "column": 0 }
      },
      "20": {
        "start": { "line": 21, "column": 0 },
        "end": { "line": 21, "column": 69 }
      },
      "21": {
        "start": { "line": 22, "column": 0 },
        "end": { "line": 22, "column": 0 }
      },
      "22": {
        "start": { "line": 23, "column": 0 },
        "end": { "line": 23, "column": 19 }
      },
      "23": {
        "start": { "line": 24, "column": 0 },
        "end": { "line": 24, "column": 63 }
      },
      "24": {
        "start": { "line": 25, "column": 0 },
        "end": { "line": 25, "column": 5 }
      },
      "25": {
        "start": { "line": 26, "column": 0 },
        "end": { "line": 26, "column": 0 }
      },
      "26": {
        "start": { "line": 27, "column": 0 },
        "end": { "line": 27, "column": 12 }
      },
      "27": {
        "start": { "line": 28, "column": 0 },
        "end": { "line": 28, "column": 17 }
      },
      "28": {
        "start": { "line": 29, "column": 0 },
        "end": { "line": 29, "column": 31 }
      },
      "29": {
        "start": { "line": 30, "column": 0 },
        "end": { "line": 30, "column": 21 }
      },
      "30": {
        "start": { "line": 31, "column": 0 },
        "end": { "line": 31, "column": 23 }
      },
      "31": {
        "start": { "line": 32, "column": 0 },
        "end": { "line": 32, "column": 23 }
      },
      "32": {
        "start": { "line": 33, "column": 0 },
        "end": { "line": 33, "column": 23 }
      },
      "33": {
        "start": { "line": 34, "column": 0 },
        "end": { "line": 34, "column": 29 }
      },
      "34": {
        "start": { "line": 35, "column": 0 },
        "end": { "line": 35, "column": 47 }
      },
      "35": {
        "start": { "line": 36, "column": 0 },
        "end": { "line": 36, "column": 21 }
      },
      "36": {
        "start": { "line": 37, "column": 0 },
        "end": { "line": 37, "column": 25 }
      },
      "37": {
        "start": { "line": 38, "column": 0 },
        "end": { "line": 38, "column": 14 }
      },
      "38": {
        "start": { "line": 39, "column": 0 },
        "end": { "line": 39, "column": 31 }
      },
      "39": {
        "start": { "line": 40, "column": 0 },
        "end": { "line": 40, "column": 31 }
      },
      "40": {
        "start": { "line": 41, "column": 0 },
        "end": { "line": 41, "column": 6 }
      },
      "41": {
        "start": { "line": 42, "column": 0 },
        "end": { "line": 42, "column": 3 }
      },
      "42": {
        "start": { "line": 43, "column": 0 },
        "end": { "line": 43, "column": 1 }
      }
    },
    "s": {
      "0": 1,
      "1": 1,
      "2": 1,
      "3": 1,
      "4": 1,
      "5": 1,
      "6": 1,
      "7": 1,
      "8": 1,
      "9": 1,
      "10": 5,
      "11": 5,
      "12": 5,
      "13": 1,
      "14": 1,
      "15": 5,
      "16": 5,
      "17": 5,
      "18": 5,
      "19": 4,
      "20": 4,
      "21": 4,
      "22": 5,
      "23": 1,
      "24": 1,
      "25": 3,
      "26": 3,
      "27": 3,
      "28": 3,
      "29": 3,
      "30": 3,
      "31": 3,
      "32": 3,
      "33": 3,
      "34": 3,
      "35": 3,
      "36": 3,
      "37": 3,
      "38": 3,
      "39": 3,
      "40": 3,
      "41": 3,
      "42": 1
    },
    "branchMap": {
      "0": {
        "type": "branch",
        "line": 11,
        "loc": {
          "start": { "line": 11, "column": 21 },
          "end": { "line": 12, "column": 34 }
        },
        "locations": [
          {
            "start": { "line": 11, "column": 21 },
            "end": { "line": 12, "column": 34 }
          }
        ]
      },
      "1": {
        "type": "branch",
        "line": 10,
        "loc": {
          "start": { "line": 10, "column": 2 },
          "end": { "line": 13, "column": 6 }
        },
        "locations": [
          {
            "start": { "line": 10, "column": 2 },
            "end": { "line": 13, "column": 6 }
          }
        ]
      },
      "2": {
        "type": "branch",
        "line": 15,
        "loc": {
          "start": { "line": 15, "column": 2 },
          "end": { "line": 42, "column": 3 }
        },
        "locations": [
          {
            "start": { "line": 15, "column": 2 },
            "end": { "line": 42, "column": 3 }
          }
        ]
      },
      "3": {
        "type": "branch",
        "line": 20,
        "loc": {
          "start": { "line": 20, "column": -1 },
          "end": { "line": 23, "column": 18 }
        },
        "locations": [
          {
            "start": { "line": 20, "column": -1 },
            "end": { "line": 23, "column": 18 }
          }
        ]
      },
      "4": {
        "type": "branch",
        "line": 23,
        "loc": {
          "start": { "line": 23, "column": 18 },
          "end": { "line": 25, "column": 5 }
        },
        "locations": [
          {
            "start": { "line": 23, "column": 18 },
            "end": { "line": 25, "column": 5 }
          }
        ]
      },
      "5": {
        "type": "branch",
        "line": 26,
        "loc": {
          "start": { "line": 26, "column": -1 },
          "end": { "line": 42, "column": 3 }
        },
        "locations": [
          {
            "start": { "line": 26, "column": -1 },
            "end": { "line": 42, "column": 3 }
          }
        ]
      }
    },
    "b": { "0": [5], "1": [5], "2": [5], "3": [4], "4": [1], "5": [3] },
    "fnMap": {
      "0": {
        "name": "<instance_members_initializer>",
        "decl": {
          "start": { "line": 11, "column": 21 },
          "end": { "line": 12, "column": 34 }
        },
        "loc": {
          "start": { "line": 11, "column": 21 },
          "end": { "line": 12, "column": 34 }
        },
        "line": 11
      },
      "1": {
        "name": "CreateJobUseCase",
        "decl": {
          "start": { "line": 10, "column": 2 },
          "end": { "line": 13, "column": 6 }
        },
        "loc": {
          "start": { "line": 10, "column": 2 },
          "end": { "line": 13, "column": 6 }
        },
        "line": 10
      },
      "2": {
        "name": "execute",
        "decl": {
          "start": { "line": 15, "column": 2 },
          "end": { "line": 42, "column": 3 }
        },
        "loc": {
          "start": { "line": 15, "column": 2 },
          "end": { "line": 42, "column": 3 }
        },
        "line": 15
      }
    },
    "f": { "0": 5, "1": 5, "2": 5 }
  },
  "/home/user/Code/drowper/fitematch/fitematch-job-api/src/job/applications/use-cases/delete-job.use-case.ts": {
    "path": "/home/user/Code/drowper/fitematch/fitematch-job-api/src/job/applications/use-cases/delete-job.use-case.ts",
    "all": false,
    "statementMap": {
      "0": {
        "start": { "line": 1, "column": 0 },
        "end": { "line": 1, "column": 116 }
      },
      "1": {
        "start": { "line": 2, "column": 0 },
        "end": { "line": 2, "column": 111 }
      },
      "2": {
        "start": { "line": 3, "column": 0 },
        "end": { "line": 3, "column": 102 }
      },
      "3": {
        "start": { "line": 4, "column": 0 },
        "end": { "line": 4, "column": 0 }
      },
      "4": {
        "start": { "line": 5, "column": 0 },
        "end": { "line": 5, "column": 68 }
      },
      "5": {
        "start": { "line": 6, "column": 0 },
        "end": { "line": 6, "column": 14 }
      },
      "6": {
        "start": { "line": 7, "column": 0 },
        "end": { "line": 7, "column": 71 }
      },
      "7": {
        "start": { "line": 8, "column": 0 },
        "end": { "line": 8, "column": 6 }
      },
      "8": {
        "start": { "line": 9, "column": 0 },
        "end": { "line": 9, "column": 0 }
      },
      "9": {
        "start": { "line": 10, "column": 0 },
        "end": { "line": 10, "column": 47 }
      },
      "10": {
        "start": { "line": 11, "column": 0 },
        "end": { "line": 11, "column": 62 }
      },
      "11": {
        "start": { "line": 12, "column": 0 },
        "end": { "line": 12, "column": 0 }
      },
      "12": {
        "start": { "line": 13, "column": 0 },
        "end": { "line": 13, "column": 19 }
      },
      "13": {
        "start": { "line": 14, "column": 0 },
        "end": { "line": 14, "column": 59 }
      },
      "14": {
        "start": { "line": 15, "column": 0 },
        "end": { "line": 15, "column": 5 }
      },
      "15": {
        "start": { "line": 16, "column": 0 },
        "end": { "line": 16, "column": 0 }
      },
      "16": {
        "start": { "line": 17, "column": 0 },
        "end": { "line": 17, "column": 16 }
      },
      "17": {
        "start": { "line": 18, "column": 0 },
        "end": { "line": 18, "column": 3 }
      },
      "18": {
        "start": { "line": 19, "column": 0 },
        "end": { "line": 19, "column": 1 }
      }
    },
    "s": {
      "0": 1,
      "1": 1,
      "2": 1,
      "3": 1,
      "4": 1,
      "5": 1,
      "6": 3,
      "7": 3,
      "8": 1,
      "9": 1,
      "10": 4,
      "11": 3,
      "12": 4,
      "13": 2,
      "14": 2,
      "15": 1,
      "16": 1,
      "17": 1,
      "18": 1
    },
    "branchMap": {
      "0": {
        "type": "branch",
        "line": 7,
        "loc": {
          "start": { "line": 7, "column": 21 },
          "end": { "line": 7, "column": 40 }
        },
        "locations": [
          {
            "start": { "line": 7, "column": 21 },
            "end": { "line": 7, "column": 40 }
          }
        ]
      },
      "1": {
        "type": "branch",
        "line": 6,
        "loc": {
          "start": { "line": 6, "column": 2 },
          "end": { "line": 8, "column": 6 }
        },
        "locations": [
          {
            "start": { "line": 6, "column": 2 },
            "end": { "line": 8, "column": 6 }
          }
        ]
      },
      "2": {
        "type": "branch",
        "line": 10,
        "loc": {
          "start": { "line": 10, "column": 2 },
          "end": { "line": 18, "column": 3 }
        },
        "locations": [
          {
            "start": { "line": 10, "column": 2 },
            "end": { "line": 18, "column": 3 }
          }
        ]
      },
      "3": {
        "type": "branch",
        "line": 12,
        "loc": {
          "start": { "line": 12, "column": -1 },
          "end": { "line": 13, "column": 18 }
        },
        "locations": [
          {
            "start": { "line": 12, "column": -1 },
            "end": { "line": 13, "column": 18 }
          }
        ]
      },
      "4": {
        "type": "branch",
        "line": 13,
        "loc": {
          "start": { "line": 13, "column": 18 },
          "end": { "line": 15, "column": 5 }
        },
        "locations": [
          {
            "start": { "line": 13, "column": 18 },
            "end": { "line": 15, "column": 5 }
          }
        ]
      },
      "5": {
        "type": "branch",
        "line": 16,
        "loc": {
          "start": { "line": 16, "column": -1 },
          "end": { "line": 18, "column": 3 }
        },
        "locations": [
          {
            "start": { "line": 16, "column": -1 },
            "end": { "line": 18, "column": 3 }
          }
        ]
      }
    },
    "b": { "0": [3], "1": [3], "2": [4], "3": [3], "4": [2], "5": [1] },
    "fnMap": {
      "0": {
        "name": "<instance_members_initializer>",
        "decl": {
          "start": { "line": 7, "column": 21 },
          "end": { "line": 7, "column": 40 }
        },
        "loc": {
          "start": { "line": 7, "column": 21 },
          "end": { "line": 7, "column": 40 }
        },
        "line": 7
      },
      "1": {
        "name": "DeleteJobUseCase",
        "decl": {
          "start": { "line": 6, "column": 2 },
          "end": { "line": 8, "column": 6 }
        },
        "loc": {
          "start": { "line": 6, "column": 2 },
          "end": { "line": 8, "column": 6 }
        },
        "line": 6
      },
      "2": {
        "name": "execute",
        "decl": {
          "start": { "line": 10, "column": 2 },
          "end": { "line": 18, "column": 3 }
        },
        "loc": {
          "start": { "line": 10, "column": 2 },
          "end": { "line": 18, "column": 3 }
        },
        "line": 10
      }
    },
    "f": { "0": 3, "1": 3, "2": 4 }
  },
  "/home/user/Code/drowper/fitematch/fitematch-job-api/src/job/applications/use-cases/list-job.use-case.ts": {
    "path": "/home/user/Code/drowper/fitematch/fitematch-job-api/src/job/applications/use-cases/list-job.use-case.ts",
    "all": false,
    "statementMap": {
      "0": {
        "start": { "line": 1, "column": 0 },
        "end": { "line": 1, "column": 64 }
      },
      "1": {
        "start": { "line": 2, "column": 0 },
        "end": { "line": 2, "column": 93 }
      },
      "2": {
        "start": { "line": 3, "column": 0 },
        "end": { "line": 3, "column": 112 }
      },
      "3": {
        "start": { "line": 4, "column": 0 },
        "end": { "line": 4, "column": 107 }
      },
      "4": {
        "start": { "line": 5, "column": 0 },
        "end": { "line": 5, "column": 112 }
      },
      "5": {
        "start": { "line": 6, "column": 0 },
        "end": { "line": 6, "column": 113 }
      },
      "6": {
        "start": { "line": 7, "column": 0 },
        "end": { "line": 7, "column": 93 }
      },
      "7": {
        "start": { "line": 8, "column": 0 },
        "end": { "line": 8, "column": 102 }
      },
      "8": {
        "start": { "line": 9, "column": 0 },
        "end": { "line": 9, "column": 0 }
      },
      "9": {
        "start": { "line": 10, "column": 0 },
        "end": { "line": 10, "column": 64 }
      },
      "10": {
        "start": { "line": 11, "column": 0 },
        "end": { "line": 11, "column": 14 }
      },
      "11": {
        "start": { "line": 12, "column": 0 },
        "end": { "line": 12, "column": 67 }
      },
      "12": {
        "start": { "line": 13, "column": 0 },
        "end": { "line": 13, "column": 54 }
      },
      "13": {
        "start": { "line": 14, "column": 0 },
        "end": { "line": 14, "column": 6 }
      },
      "14": {
        "start": { "line": 15, "column": 0 },
        "end": { "line": 15, "column": 0 }
      },
      "15": {
        "start": { "line": 16, "column": 0 },
        "end": { "line": 16, "column": 16 }
      },
      "16": {
        "start": { "line": 17, "column": 0 },
        "end": { "line": 17, "column": 42 }
      },
      "17": {
        "start": { "line": 18, "column": 0 },
        "end": { "line": 18, "column": 45 }
      },
      "18": {
        "start": { "line": 19, "column": 0 },
        "end": { "line": 19, "column": 78 }
      },
      "19": {
        "start": { "line": 20, "column": 0 },
        "end": { "line": 20, "column": 25 }
      },
      "20": {
        "start": { "line": 21, "column": 0 },
        "end": { "line": 21, "column": 45 }
      },
      "21": {
        "start": { "line": 22, "column": 0 },
        "end": { "line": 22, "column": 34 }
      },
      "22": {
        "start": { "line": 23, "column": 0 },
        "end": { "line": 23, "column": 9 }
      },
      "23": {
        "start": { "line": 24, "column": 0 },
        "end": { "line": 24, "column": 0 }
      },
      "24": {
        "start": { "line": 25, "column": 0 },
        "end": { "line": 25, "column": 60 }
      },
      "25": {
        "start": { "line": 26, "column": 0 },
        "end": { "line": 26, "column": 34 }
      },
      "26": {
        "start": { "line": 27, "column": 0 },
        "end": { "line": 27, "column": 19 }
      },
      "27": {
        "start": { "line": 28, "column": 0 },
        "end": { "line": 28, "column": 9 }
      },
      "28": {
        "start": { "line": 29, "column": 0 },
        "end": { "line": 29, "column": 25 }
      },
      "29": {
        "start": { "line": 30, "column": 0 },
        "end": { "line": 30, "column": 29 }
      },
      "30": {
        "start": { "line": 31, "column": 0 },
        "end": { "line": 31, "column": 29 }
      },
      "31": {
        "start": { "line": 32, "column": 0 },
        "end": { "line": 32, "column": 35 }
      },
      "32": {
        "start": { "line": 33, "column": 0 },
        "end": { "line": 33, "column": 33 }
      },
      "33": {
        "start": { "line": 34, "column": 0 },
        "end": { "line": 34, "column": 29 }
      },
      "34": {
        "start": { "line": 35, "column": 0 },
        "end": { "line": 35, "column": 29 }
      },
      "35": {
        "start": { "line": 36, "column": 0 },
        "end": { "line": 36, "column": 31 }
      },
      "36": {
        "start": { "line": 37, "column": 0 },
        "end": { "line": 37, "column": 33 }
      },
      "37": {
        "start": { "line": 38, "column": 0 },
        "end": { "line": 38, "column": 39 }
      },
      "38": {
        "start": { "line": 39, "column": 0 },
        "end": { "line": 39, "column": 39 }
      },
      "39": {
        "start": { "line": 40, "column": 0 },
        "end": { "line": 40, "column": 10 }
      },
      "40": {
        "start": { "line": 41, "column": 0 },
        "end": { "line": 41, "column": 9 }
      },
      "41": {
        "start": { "line": 42, "column": 0 },
        "end": { "line": 42, "column": 6 }
      },
      "42": {
        "start": { "line": 43, "column": 0 },
        "end": { "line": 43, "column": 0 }
      },
      "43": {
        "start": { "line": 44, "column": 0 },
        "end": { "line": 44, "column": 36 }
      },
      "44": {
        "start": { "line": 45, "column": 0 },
        "end": { "line": 45, "column": 55 }
      },
      "45": {
        "start": { "line": 46, "column": 0 },
        "end": { "line": 46, "column": 50 }
      },
      "46": {
        "start": { "line": 47, "column": 0 },
        "end": { "line": 47, "column": 0 }
      },
      "47": {
        "start": { "line": 48, "column": 0 },
        "end": { "line": 48, "column": 21 }
      },
      "48": {
        "start": { "line": 49, "column": 0 },
        "end": { "line": 49, "column": 43 }
      },
      "49": {
        "start": { "line": 50, "column": 0 },
        "end": { "line": 50, "column": 79 }
      },
      "50": {
        "start": { "line": 51, "column": 0 },
        "end": { "line": 51, "column": 10 }
      },
      "51": {
        "start": { "line": 52, "column": 0 },
        "end": { "line": 52, "column": 7 }
      },
      "52": {
        "start": { "line": 53, "column": 0 },
        "end": { "line": 53, "column": 0 }
      },
      "53": {
        "start": { "line": 54, "column": 0 },
        "end": { "line": 54, "column": 14 }
      },
      "54": {
        "start": { "line": 55, "column": 0 },
        "end": { "line": 55, "column": 19 }
      },
      "55": {
        "start": { "line": 56, "column": 0 },
        "end": { "line": 56, "column": 33 }
      },
      "56": {
        "start": { "line": 57, "column": 0 },
[...]
    "path": "/home/user/Code/drowper/fitematch/fitematch-job-api/src/job/applications/use-cases/read-job.use-case.ts",
    "all": false,
    "statementMap": {
      "0": {
        "start": { "line": 1, "column": 0 },
        "end": { "line": 1, "column": 112 }
      },
      "1": {
        "start": { "line": 2, "column": 0 },
        "end": { "line": 2, "column": 93 }
      },
      "2": {
        "start": { "line": 3, "column": 0 },
        "end": { "line": 3, "column": 107 }
      },
      "3": {
        "start": { "line": 4, "column": 0 },
        "end": { "line": 4, "column": 64 }
      },
      "4": {
        "start": { "line": 5, "column": 0 },
        "end": { "line": 5, "column": 86 }
      },
      "5": {
        "start": { "line": 6, "column": 0 },
        "end": { "line": 6, "column": 102 }
      },
      "6": {
        "start": { "line": 7, "column": 0 },
        "end": { "line": 7, "column": 0 }
      },
      "7": {
        "start": { "line": 8, "column": 0 },
        "end": { "line": 8, "column": 64 }
      },
      "8": {
        "start": { "line": 9, "column": 0 },
        "end": { "line": 9, "column": 14 }
      },
      "9": {
        "start": { "line": 10, "column": 0 },
        "end": { "line": 10, "column": 67 }
      },
      "10": {
        "start": { "line": 11, "column": 0 },
        "end": { "line": 11, "column": 54 }
      },
      "11": {
        "start": { "line": 12, "column": 0 },
        "end": { "line": 12, "column": 6 }
      },
      "12": {
        "start": { "line": 13, "column": 0 },
        "end": { "line": 13, "column": 0 }
      },
      "13": {
        "start": { "line": 14, "column": 0 },
        "end": { "line": 14, "column": 49 }
      },
      "14": {
        "start": { "line": 15, "column": 0 },
        "end": { "line": 15, "column": 58 }
      },
      "15": {
        "start": { "line": 16, "column": 0 },
        "end": { "line": 16, "column": 0 }
      },
      "16": {
        "start": { "line": 17, "column": 0 },
        "end": { "line": 17, "column": 15 }
      },
      "17": {
        "start": { "line": 18, "column": 0 },
        "end": { "line": 18, "column": 59 }
      },
      "18": {
        "start": { "line": 19, "column": 0 },
        "end": { "line": 19, "column": 5 }
      },
      "19": {
        "start": { "line": 20, "column": 0 },
        "end": { "line": 20, "column": 0 }
      },
      "20": {
        "start": { "line": 21, "column": 0 },
        "end": { "line": 21, "column": 69 }
      },
      "21": {
        "start": { "line": 22, "column": 0 },
        "end": { "line": 22, "column": 0 }
      },
      "22": {
        "start": { "line": 23, "column": 0 },
        "end": { "line": 23, "column": 19 }
      },
      "23": {
        "start": { "line": 24, "column": 0 },
        "end": { "line": 24, "column": 63 }
      },
      "24": {
        "start": { "line": 25, "column": 0 },
        "end": { "line": 25, "column": 5 }
      },
      "25": {
        "start": { "line": 26, "column": 0 },
        "end": { "line": 26, "column": 0 }
      },
      "26": {
        "start": { "line": 27, "column": 0 },
        "end": { "line": 27, "column": 48 }
      },
      "27": {
        "start": { "line": 28, "column": 0 },
        "end": { "line": 28, "column": 12 }
      },
      "28": {
        "start": { "line": 29, "column": 0 },
        "end": { "line": 29, "column": 17 }
      },
      "29": {
        "start": { "line": 30, "column": 0 },
        "end": { "line": 30, "column": 31 }
      },
      "30": {
        "start": { "line": 31, "column": 0 },
        "end": { "line": 31, "column": 21 }
      },
      "31": {
        "start": { "line": 32, "column": 0 },
        "end": { "line": 32, "column": 23 }
      },
      "32": {
        "start": { "line": 33, "column": 0 },
        "end": { "line": 33, "column": 23 }
      },
      "33": {
        "start": { "line": 34, "column": 0 },
        "end": { "line": 34, "column": 23 }
      },
      "34": {
        "start": { "line": 35, "column": 0 },
        "end": { "line": 35, "column": 40 }
      },
      "35": {
        "start": { "line": 36, "column": 0 },
        "end": { "line": 36, "column": 47 }
      },
      "36": {
        "start": { "line": 37, "column": 0 },
        "end": { "line": 37, "column": 21 }
      },
      "37": {
        "start": { "line": 38, "column": 0 },
        "end": { "line": 38, "column": 25 }
      },
      "38": {
        "start": { "line": 39, "column": 0 },
        "end": { "line": 39, "column": 14 }
      },
      "39": {
        "start": { "line": 40, "column": 0 },
        "end": { "line": 40, "column": 31 }
      },
      "40": {
        "start": { "line": 41, "column": 0 },
        "end": { "line": 41, "column": 31 }
      },
      "41": {
        "start": { "line": 42, "column": 0 },
        "end": { "line": 42, "column": 6 }
      },
      "42": {
        "start": { "line": 43, "column": 0 },
        "end": { "line": 43, "column": 3 }
      },
      "43": {
        "start": { "line": 44, "column": 0 },
        "end": { "line": 44, "column": 1 }
      }
    },
    "s": {
      "0": 1,
      "1": 1,
      "2": 1,
      "3": 1,
      "4": 1,
      "5": 1,
      "6": 1,
      "7": 1,
      "8": 1,
      "9": 5,
      "10": 5,
      "11": 5,
      "12": 1,
      "13": 1,
      "14": 5,
      "15": 4,
      "16": 5,
      "17": 1,
      "18": 1,
      "19": 3,
      "20": 3,
      "21": 3,
      "22": 5,
      "23": 1,
      "24": 1,
      "25": 2,
      "26": 2,
      "27": 2,
      "28": 2,
      "29": 2,
      "30": 2,
      "31": 2,
      "32": 2,
      "33": 2,
      "34": 2,
      "35": 2,
      "36": 2,
      "37": 2,
      "38": 2,
      "39": 2,
      "40": 2,
      "41": 2,
      "42": 2,
      "43": 1
    },
    "branchMap": {
      "0": {
        "type": "branch",
        "line": 10,
        "loc": {
          "start": { "line": 10, "column": 21 },
          "end": { "line": 11, "column": 34 }
        },
        "locations": [
          {
            "start": { "line": 10, "column": 21 },
            "end": { "line": 11, "column": 34 }
          }
        ]
      },
      "1": {
        "type": "branch",
        "line": 9,
        "loc": {
          "start": { "line": 9, "column": 2 },
          "end": { "line": 12, "column": 6 }
        },
        "locations": [
          {
            "start": { "line": 9, "column": 2 },
            "end": { "line": 12, "column": 6 }
          }
        ]
      },
      "2": {
        "type": "branch",
        "line": 14,
        "loc": {
          "start": { "line": 14, "column": 2 },
          "end": { "line": 43, "column": 3 }
        },
        "locations": [
          {
            "start": { "line": 14, "column": 2 },
            "end": { "line": 43, "column": 3 }
          }
        ]
      },
      "3": {
        "type": "branch",
        "line": 16,
        "loc": {
          "start": { "line": 16, "column": -1 },
          "end": { "line": 17, "column": 14 }
        },
        "locations": [
          {
            "start": { "line": 16, "column": -1 },
            "end": { "line": 17, "column": 14 }
          }
        ]
      },
      "4": {
        "type": "branch",
        "line": 17,
        "loc": {
          "start": { "line": 17, "column": 14 },
          "end": { "line": 19, "column": 5 }
        },
        "locations": [
          {
            "start": { "line": 17, "column": 14 },
            "end": { "line": 19, "column": 5 }
          }
        ]
      },
      "5": {
        "type": "branch",
        "line": 20,
        "loc": {
          "start": { "line": 20, "column": -1 },
          "end": { "line": 23, "column": 18 }
        },
        "locations": [
          {
            "start": { "line": 20, "column": -1 },
            "end": { "line": 23, "column": 18 }
          }
        ]
      },
      "6": {
        "type": "branch",
        "line": 23,
        "loc": {
          "start": { "line": 23, "column": 18 },
          "end": { "line": 25, "column": 5 }
        },
        "locations": [
          {
            "start": { "line": 23, "column": 18 },
            "end": { "line": 25, "column": 5 }
          }
        ]
      },
      "7": {
        "type": "branch",
        "line": 26,
        "loc": {
          "start": { "line": 26, "column": -1 },
          "end": { "line": 43, "column": 3 }
        },
        "locations": [
          {
            "start": { "line": 26, "column": -1 },
            "end": { "line": 43, "column": 3 }
          }
        ]
      }
    },
    "b": {
      "0": [5],
      "1": [5],
      "2": [5],
      "3": [4],
      "4": [1],
      "5": [3],
      "6": [1],
      "7": [2]
    },
    "fnMap": {
      "0": {
        "name": "<instance_members_initializer>",
        "decl": {
          "start": { "line": 10, "column": 21 },
          "end": { "line": 11, "column": 34 }
        },
        "loc": {
          "start": { "line": 10, "column": 21 },
          "end": { "line": 11, "column": 34 }
        },
        "line": 10
      },
      "1": {
        "name": "ReadJobUseCase",
        "decl": {
          "start": { "line": 9, "column": 2 },
          "end": { "line": 12, "column": 6 }
        },
        "loc": {
          "start": { "line": 9, "column": 2 },
          "end": { "line": 12, "column": 6 }
        },
        "line": 9
      },
      "2": {
        "name": "execute",
        "decl": {
          "start": { "line": 14, "column": 2 },
          "end": { "line": 43, "column": 3 }
        },
        "loc": {
          "start": { "line": 14, "column": 2 },
          "end": { "line": 43, "column": 3 }
        },
        "line": 14
      }
    },
    "f": { "0": 5, "1": 5, "2": 5 }
  },
  "/home/user/Code/drowper/fitematch/fitematch-job-api/src/job/applications/use-cases/update-job.use-case.ts": {
    "path": "/home/user/Code/drowper/fitematch/fitematch-job-api/src/job/applications/use-cases/update-job.use-case.ts",
    "all": false,
    "statementMap": {
      "0": {
        "start": { "line": 1, "column": 0 },
        "end": { "line": 1, "column": 116 }
      },
      "1": {
        "start": { "line": 2, "column": 0 },
        "end": { "line": 2, "column": 93 }
      },
      "2": {
        "start": { "line": 3, "column": 0 },
        "end": { "line": 3, "column": 94 }
      },
      "3": {
        "start": { "line": 4, "column": 0 },
        "end": { "line": 4, "column": 111 }
      },
      "4": {
        "start": { "line": 5, "column": 0 },
        "end": { "line": 5, "column": 64 }
      },
      "5": {
        "start": { "line": 6, "column": 0 },
        "end": { "line": 6, "column": 86 }
      },
      "6": {
        "start": { "line": 7, "column": 0 },
        "end": { "line": 7, "column": 102 }
      },
      "7": {
        "start": { "line": 8, "column": 0 },
        "end": { "line": 8, "column": 0 }
      },
      "8": {
        "start": { "line": 9, "column": 0 },
        "end": { "line": 9, "column": 68 }
      },
      "9": {
        "start": { "line": 10, "column": 0 },
        "end": { "line": 10, "column": 14 }
      },
      "10": {
        "start": { "line": 11, "column": 0 },
        "end": { "line": 11, "column": 71 }
      },
      "11": {
        "start": { "line": 12, "column": 0 },
        "end": { "line": 12, "column": 54 }
      },
      "12": {
        "start": { "line": 13, "column": 0 },
        "end": { "line": 13, "column": 6 }
      },
      "13": {
        "start": { "line": 14, "column": 0 },
        "end": { "line": 14, "column": 0 }
      },
      "14": {
        "start": { "line": 15, "column": 0 },
        "end": { "line": 15, "column": 73 }
      },
      "15": {
        "start": { "line": 16, "column": 0 },
        "end": { "line": 16, "column": 54 }
      },
      "16": {
        "start": { "line": 17, "column": 0 },
        "end": { "line": 17, "column": 9 }
      },
      "17": {
        "start": { "line": 18, "column": 0 },
        "end": { "line": 18, "column": 38 }
      },
      "18": {
        "start": { "line": 19, "column": 0 },
        "end": { "line": 19, "column": 6 }
      },
      "19": {
        "start": { "line": 20, "column": 0 },
        "end": { "line": 20, "column": 0 }
      },
      "20": {
        "start": { "line": 21, "column": 0 },
        "end": { "line": 21, "column": 15 }
      },
      "21": {
        "start": { "line": 22, "column": 0 },
        "end": { "line": 22, "column": 59 }
      },
      "22": {
        "start": { "line": 23, "column": 0 },
        "end": { "line": 23, "column": 5 }
      },
      "23": {
        "start": { "line": 24, "column": 0 },
        "end": { "line": 24, "column": 0 }
      },
      "24": {
        "start": { "line": 25, "column": 0 },
        "end": { "line": 25, "column": 69 }
      },
      "25": {
        "start": { "line": 26, "column": 0 },
        "end": { "line": 26, "column": 0 }
      },
      "26": {
        "start": { "line": 27, "column": 0 },
        "end": { "line": 27, "column": 19 }
      },
      "27": {
        "start": { "line": 28, "column": 0 },
        "end": { "line": 28, "column": 63 }
      },
      "28": {
        "start": { "line": 29, "column": 0 },
        "end": { "line": 29, "column": 5 }
      },
      "29": {
        "start": { "line": 30, "column": 0 },
        "end": { "line": 30, "column": 0 }
      },
      "30": {
        "start": { "line": 31, "column": 0 },
        "end": { "line": 31, "column": 12 }
      },
      "31": {
        "start": { "line": 32, "column": 0 },
        "end": { "line": 32, "column": 17 }
      },
      "32": {
        "start": { "line": 33, "column": 0 },
        "end": { "line": 33, "column": 31 }
      },
      "33": {
        "start": { "line": 34, "column": 0 },
        "end": { "line": 34, "column": 21 }
      },
      "34": {
        "start": { "line": 35, "column": 0 },
        "end": { "line": 35, "column": 23 }
      },
      "35": {
        "start": { "line": 36, "column": 0 },
        "end": { "line": 36, "column": 23 }
      },
      "36": {
        "start": { "line": 37, "column": 0 },
        "end": { "line": 37, "column": 23 }
      },
      "37": {
        "start": { "line": 38, "column": 0 },
        "end": { "line": 38, "column": 29 }
      },
      "38": {
        "start": { "line": 39, "column": 0 },
        "end": { "line": 39, "column": 47 }
      },
      "39": {
        "start": { "line": 40, "column": 0 },
        "end": { "line": 40, "column": 21 }
      },
      "40": {
        "start": { "line": 41, "column": 0 },
        "end": { "line": 41, "column": 25 }
      },
      "41": {
        "start": { "line": 42, "column": 0 },
        "end": { "line": 42, "column": 14 }
      },
      "42": {
        "start": { "line": 43, "column": 0 },
        "end": { "line": 43, "column": 31 }
      },
      "43": {
        "start": { "line": 44, "column": 0 },
        "end": { "line": 44, "column": 31 }
      },
      "44": {
        "start": { "line": 45, "column": 0 },
        "end": { "line": 45, "column": 6 }
      },
      "45": {
        "start": { "line": 46, "column": 0 },
        "end": { "line": 46, "column": 3 }
      },
      "46": {
        "start": { "line": 47, "column": 0 },
        "end": { "line": 47, "column": 1 }
      }
    },
    "s": {
      "0": 1,
      "1": 1,
      "2": 1,
      "3": 1,
      "4": 1,
      "5": 1,
      "6": 1,
      "7": 1,
      "8": 1,
      "9": 1,
      "10": 5,
      "11": 5,
      "12": 5,
      "13": 1,
      "14": 1,
      "15": 5,
      "16": 5,
      "17": 5,
      "18": 5,
      "19": 4,
      "20": 5,
      "21": 1,
      "22": 1,
      "23": 3,
      "24": 3,
      "25": 3,
      "26": 5,
      "27": 1,
      "28": 1,
      "29": 2,
      "30": 2,
      "31": 2,
      "32": 2,
      "33": 2,
      "34": 2,
      "35": 2,
      "36": 2,
      "37": 2,
      "38": 2,
      "39": 2,
      "40": 2,
      "41": 2,
      "42": 2,
      "43": 2,
      "44": 2,
      "45": 2,
      "46": 1
    },
    "branchMap": {
      "0": {
        "type": "branch",
        "line": 11,
        "loc": {
          "start": { "line": 11, "column": 21 },
          "end": { "line": 12, "column": 34 }
        },
        "locations": [
          {
            "start": { "line": 11, "column": 21 },
            "end": { "line": 12, "column": 34 }
          }
        ]
      },
      "1": {
        "type": "branch",
        "line": 10,
        "loc": {
          "start": { "line": 10, "column": 2 },
          "end": { "line": 13, "column": 6 }
        },
        "locations": [
          {
            "start": { "line": 10, "column": 2 },
            "end": { "line": 13, "column": 6 }
          }
        ]
      },
      "2": {
        "type": "branch",
        "line": 15,
        "loc": {
          "start": { "line": 15, "column": 2 },
          "end": { "line": 46, "column": 3 }
        },
        "locations": [
          {
            "start": { "line": 15, "column": 2 },
            "end": { "line": 46, "column": 3 }
          }
        ]
      },
      "3": {
        "type": "branch",
        "line": 20,
        "loc": {
          "start": { "line": 20, "column": -1 },
          "end": { "line": 21, "column": 14 }
        },
        "locations": [
          {
            "start": { "line": 20, "column": -1 },
            "end": { "line": 21, "column": 14 }
          }
        ]
      },
      "4": {
        "type": "branch",
        "line": 21,
        "loc": {
          "start": { "line": 21, "column": 14 },
          "end": { "line": 23, "column": 5 }
        },
        "locations": [
          {
            "start": { "line": 21, "column": 14 },
            "end": { "line": 23, "column": 5 }
          }
        ]
      },
      "5": {
        "type": "branch",
        "line": 24,
        "loc": {
          "start": { "line": 24, "column": -1 },
          "end": { "line": 27, "column": 18 }
        },
        "locations": [
          {
            "start": { "line": 24, "column": -1 },
            "end": { "line": 27, "column": 18 }
          }
        ]
      },
      "6": {
        "type": "branch",
        "line": 27,
        "loc": {
          "start": { "line": 27, "column": 18 },
          "end": { "line": 29, "column": 5 }
        },
        "locations": [
          {
            "start": { "line": 27, "column": 18 },
            "end": { "line": 29, "column": 5 }
          }
        ]
      },
      "7": {
        "type": "branch",
        "line": 30,
        "loc": {
          "start": { "line": 30, "column": -1 },
          "end": { "line": 46, "column": 3 }
        },
        "locations": [
          {
            "start": { "line": 30, "column": -1 },
            "end": { "line": 46, "column": 3 }
          }
        ]
      }
    },
    "b": {
      "0": [5],
      "1": [5],
      "2": [5],
      "3": [4],
      "4": [1],
      "5": [3],
      "6": [1],
      "7": [2]
    },
    "fnMap": {
      "0": {
        "name": "<instance_members_initializer>",
        "decl": {
          "start": { "line": 11, "column": 21 },
          "end": { "line": 12, "column": 34 }
        },
        "loc": {
          "start": { "line": 11, "column": 21 },
          "end": { "line": 12, "column": 34 }
        },
        "line": 11
      },
      "1": {
        "name": "UpdateJobUseCase",
        "decl": {
          "start": { "line": 10, "column": 2 },
          "end": { "line": 13, "column": 6 }
        },
        "loc": {
          "start": { "line": 10, "column": 2 },
          "end": { "line": 13, "column": 6 }
        },
        "line": 10
      },
      "2": {
        "name": "execute",
        "decl": {
          "start": { "line": 15, "column": 2 },
          "end": { "line": 46, "column": 3 }
        },
        "loc": {
          "start": { "line": 15, "column": 2 },
          "end": { "line": 46, "column": 3 }
        },
        "line": 15
      }
    },
    "f": { "0": 5, "1": 5, "2": 5 }
  }
}
