TN:
SF:src/apply/applications/use-cases/create-apply.use-case.ts
FN:11,<instance_members_initializer>
FN:10,CreateApplyUseCase
FN:14,execute
FNF:3
FNH:3
FNDA:3,<instance_members_initializer>
FNDA:3,CreateApplyUseCase
FNDA:3,execute
DA:1,1
DA:2,1
DA:3,1
DA:4,1
DA:5,1
DA:6,1
DA:7,1
DA:8,1
DA:9,1
DA:10,1
DA:11,3
DA:12,3
DA:13,1
DA:14,1
DA:15,3
DA:16,3
DA:17,3
DA:18,3
DA:19,1
LF:19
LH:19
BRDA:11,0,0,3
BRDA:10,1,0,3
BRDA:14,2,0,3
BRF:3
BRH:3
end_of_record
TN:
SF:src/apply/applications/use-cases/delete-apply.use-case.ts
FN:7,<instance_members_initializer>
FN:6,DeleteApplyUseCase
FN:10,execute
FNF:3
FNH:3
FNDA:3,<instance_members_initializer>
FNDA:3,DeleteApplyUseCase
FNDA:4,execute
DA:1,1
DA:2,1
DA:3,1
DA:4,1
DA:5,1
DA:6,1
DA:7,3
DA:8,3
DA:9,1
DA:10,1
DA:11,4
DA:12,3
DA:13,4
DA:14,2
DA:15,2
DA:16,1
DA:17,1
DA:18,1
DA:19,1
LF:19
LH:19
BRDA:7,0,0,3
BRDA:6,1,0,3
BRDA:10,2,0,4
BRDA:12,3,0,3
BRDA:13,4,0,2
BRDA:16,5,0,1
BRF:6
BRH:6
end_of_record
TN:
SF:src/apply/applications/use-cases/list-apply.use-case.ts
FN:7,<instance_members_initializer>
FN:6,ListApplyUseCase
FN:10,execute
FNF:3
FNH:3
FNDA:3,<instance_members_initializer>
FNDA:3,ListApplyUseCase
FNDA:3,execute
DA:1,1
DA:2,1
DA:3,1
DA:4,1
DA:5,1
DA:6,1
DA:7,3
DA:8,3
DA:9,1
DA:10,1
DA:11,3
DA:12,3
DA:13,1
LF:13
LH:13
BRDA:7,0,0,3
BRDA:6,1,0,3
BRDA:10,2,0,3
BRF:3
BRH:3
end_of_record
TN:
SF:src/apply/applications/use-cases/read-apply.use-case.ts
FN:8,<instance_members_initializer>
FN:7,ReadApplyUseCase
FN:11,execute
FNF:3
FNH:3
FNDA:3,<instance_members_initializer>
FNDA:3,ReadApplyUseCase
FNDA:4,execute
DA:1,1
DA:2,1
DA:3,1
DA:4,1
DA:5,1
DA:6,1
DA:7,1
DA:8,3
DA:9,3
DA:10,1
DA:11,1
DA:12,4
DA:13,3
DA:14,4
DA:15,2
DA:16,2
DA:17,1
DA:18,1
DA:19,1
DA:20,1
LF:20
LH:20
BRDA:8,0,0,3
BRDA:7,1,0,3
BRDA:11,2,0,4
BRDA:13,3,0,3
BRDA:14,4,0,2
BRDA:17,5,0,1
BRF:6
BRH:6
end_of_record
TN:
SF:src/apply/applications/use-cases/update-apply.use-case.ts
FN:12,<instance_members_initializer>
FN:11,UpdateApplyUseCase
FN:15,execute
FNF:3
FNH:3
FNDA:3,<instance_members_initializer>
FNDA:3,UpdateApplyUseCase
FNDA:4,execute
DA:1,1
DA:2,1
DA:3,1
DA:4,1
DA:5,1
DA:6,1
DA:7,1
DA:8,1
DA:9,1
DA:10,1
DA:11,1
DA:12,3
DA:13,3
DA:14,1
DA:15,1
DA:16,4
DA:17,4
DA:18,4
DA:19,4
DA:20,3
DA:21,4
DA:22,2
DA:23,2
DA:24,1
DA:25,1
DA:26,1
DA:27,1
LF:27
LH:27
BRDA:12,0,0,3
BRDA:11,1,0,3
BRDA:15,2,0,4
BRDA:20,3,0,3
BRDA:21,4,0,2
BRDA:24,5,0,1
BRF:6
BRH:6
end_of_record
TN:
SF:src/company/applications/use-cases/create-company.use-case.ts
FN:11,<instance_members_initializer>
FN:10,CreateCompanyUseCase
FN:14,execute
FNF:3
FNH:3
FNDA:3,<instance_members_initializer>
FNDA:3,CreateCompanyUseCase
FNDA:3,execute
DA:1,1
DA:2,1
DA:3,1
DA:4,1
DA:5,1
DA:6,1
DA:7,1
DA:8,1
DA:9,1
DA:10,1
DA:11,3
DA:12,3
DA:13,1
DA:14,1
DA:15,3
DA:16,3
DA:17,3
DA:18,3
DA:19,1
LF:19
LH:19
BRDA:11,0,0,3
BRDA:10,1,0,3
BRDA:14,2,0,3
BRF:3
BRH:3
end_of_record
TN:
SF:src/company/applications/use-cases/delete-company.use-case.ts
FN:7,<instance_members_initializer>
FN:6,DeleteCompanyUseCase
FN:10,execute
FNF:3
FNH:3
FNDA:3,<instance_members_initializer>
FNDA:3,DeleteCompanyUseCase
FNDA:4,execute
DA:1,1
DA:2,1
DA:3,1
DA:4,1
DA:5,1
DA:6,1
DA:7,3
DA:8,3
DA:9,1
DA:10,1
DA:11,4
DA:12,3
DA:13,4
DA:14,2
DA:15,2
DA:16,1
DA:17,1
DA:18,1
DA:19,1
LF:19
LH:19
BRDA:7,0,0,3
BRDA:6,1,0,3
BRDA:10,2,0,4
BRDA:12,3,0,3
BRDA:13,4,0,2
BRDA:16,5,0,1
BRF:6
BRH:6
end_of_record
TN:
SF:src/company/applications/use-cases/list-company.use-case.ts
FN:7,<instance_members_initializer>
FN:6,ListCompanyUseCase
FN:10,execute
FNF:3
FNH:3
FNDA:3,<instance_members_initializer>
FNDA:3,ListCompanyUseCase
FNDA:3,execute
DA:1,1
DA:2,1
DA:3,1
DA:4,1
DA:5,1
DA:6,1
DA:7,3
DA:8,3
DA:9,1
DA:10,1
DA:11,3
DA:12,3
DA:13,1
LF:13
LH:13
BRDA:7,0,0,3
BRDA:6,1,0,3
BRDA:10,2,0,3
BRF:3
BRH:3
end_of_record
TN:
SF:src/company/applications/use-cases/read-company.use-case.ts
FN:8,<instance_members_initializer>
FN:7,ReadCompanyUseCase
FN:11,execute
FNF:3
FNH:3
FNDA:3,<instance_members_initializer>
FNDA:3,ReadCompanyUseCase
FNDA:4,execute
DA:1,1
DA:2,1
DA:3,1
DA:4,1
DA:5,1
DA:6,1
DA:7,1
DA:8,3
DA:9,3
DA:10,1
DA:11,1
DA:12,4
DA:13,3
DA:14,4
DA:15,2
DA:16,2
DA:17,1
DA:18,1
DA:19,1
DA:20,1
LF:20
LH:20
BRDA:8,0,0,3
BRDA:7,1,0,3
BRDA:11,2,0,4
BRDA:13,3,0,3
BRDA:14,4,0,2
BRDA:17,5,0,1
BRF:6
BRH:6
end_of_record
TN:
SF:src/company/applications/use-cases/update-company.use-case.ts
FN:12,<instance_members_initializer>
FN:11,UpdateCompanyUseCase
FN:15,execute
FNF:3
FNH:3
FNDA:3,<instance_members_initializer>
FNDA:3,UpdateCompanyUseCase
FNDA:4,execute
DA:1,1
DA:2,1
DA:3,1
DA:4,1
DA:5,1
DA:6,1
DA:7,1
DA:8,1
DA:9,1
DA:10,1
DA:11,1
DA:12,3
DA:13,3
DA:14,1
DA:15,1
DA:16,4
DA:17,4
DA:18,4
DA:19,4
DA:20,3
DA:21,4
DA:22,2
DA:23,2
DA:24,1
DA:25,1
DA:26,1
DA:27,1
LF:27
LH:27
BRDA:12,0,0,3
BRDA:11,1,0,3
BRDA:15,2,0,4
BRDA:20,3,0,3
BRDA:21,4,0,2
BRDA:24,5,0,1
BRF:6
BRH:6
end_of_record
TN:
SF:src/health-check/applications/use-cases/health-check.use-case.ts
FN:7,execute
FNF:1
FNH:1
FNDA:2,execute
DA:1,1
DA:2,1
DA:3,1
DA:4,1
DA:5,1
DA:6,1
DA:7,1
DA:8,2
DA:9,2
DA:10,2
DA:11,2
DA:12,2
DA:13,2
DA:14,1
LF:14
LH:14
BRDA:7,0,0,2
BRDA:11,1,0,1
BRF:2
BRH:2
end_of_record
TN:
SF:src/job/applications/use-cases/create-job.use-case.ts
FN:11,<instance_members_initializer>
FN:10,CreateJobUseCase
FN:15,execute
FNF:3
FNH:3
FNDA:5,<instance_members_initializer>
FNDA:5,CreateJobUseCase
FNDA:5,execute
DA:1,1
DA:2,1
DA:3,1
DA:4,1
DA:5,1
DA:6,1
DA:7,1
DA:8,1
DA:9,1
DA:10,1
DA:11,5
DA:12,5
DA:13,5
DA:14,1
DA:15,1
DA:16,5
DA:17,5
DA:18,5
DA:19,5
DA:20,4
DA:21,4
DA:22,4
DA:23,5
DA:24,1
DA:25,1
DA:26,3
DA:27,3
DA:28,3
DA:29,3
DA:30,3
DA:31,3
DA:32,3
DA:33,3
DA:34,3
DA:35,3
DA:36,3
DA:37,3
DA:38,3
DA:39,3
DA:40,3
DA:41,3
DA:42,3
DA:43,1
LF:43
LH:43
BRDA:11,0,0,5
BRDA:10,1,0,5
BRDA:15,2,0,5
BRDA:20,3,0,4
BRDA:23,4,0,1
BRDA:26,5,0,3
BRF:6
BRH:6
end_of_record
TN:
SF:src/job/applications/use-cases/delete-job.use-case.ts
FN:7,<instance_members_initializer>
FN:6,DeleteJobUseCase
FN:10,execute
FNF:3
FNH:3
FNDA:3,<instance_members_initializer>
FNDA:3,DeleteJobUseCase
FNDA:4,execute
DA:1,1
DA:2,1
DA:3,1
DA:4,1
DA:5,1
DA:6,1
DA:7,3
DA:8,3
DA:9,1
DA:10,1
DA:11,4
DA:12,3
DA:13,4
DA:14,2
DA:15,2
DA:16,1
DA:17,1
DA:18,1
DA:19,1
LF:19
LH:19
BRDA:7,0,0,3
BRDA:6,1,0,3
BRDA:10,2,0,4
BRDA:12,3,0,3
BRDA:13,4,0,2
BRDA:16,5,0,1
BRF:6
BRH:6
end_of_record
TN:
SF:src/job/applications/use-cases/list-job.use-case.ts
FN:12,<instance_members_initializer>
FN:11,ListJobUseCase
FN:16,execute
FN:92,getEmptyPagination
FNF:4
FNH:4
FNDA:7,<instance_members_initializer>
FNDA:7,ListJobUseCase
FNDA:8,execute
FNDA:2,getEmptyPagination
DA:1,1
DA:2,1
DA:3,1
DA:4,1
DA:5,1
DA:6,1
DA:7,1
DA:8,1
DA:9,1
DA:10,1
DA:11,1
DA:12,7
DA:13,7
DA:14,7
DA:15,1
DA:16,1
DA:17,8
DA:18,8
DA:19,8
DA:20,8
DA:21,8
DA:22,8
DA:23,8
DA:24,7
DA:25,7
DA:26,7
DA:27,8
DA:28,8
DA:29,8
DA:30,8
DA:31,8
DA:32,8
DA:33,8
DA:34,8
DA:35,8
DA:36,8
DA:37,8
DA:38,8
DA:39,8
DA:40,8
DA:41,7
DA:42,7
DA:43,7
DA:44,7
DA:45,6
DA:46,6
DA:47,6
DA:48,6
DA:49,2
DA:50,2
DA:51,2
DA:52,2
DA:53,4
DA:54,4
DA:55,4
DA:56,4
DA:57,4
DA:58,4
DA:59,4
DA:60,4
DA:61,4
DA:62,4
DA:63,4
DA:64,4
DA:65,4
DA:66,4
DA:67,4
DA:68,4
DA:69,7
DA:70,7
DA:71,8
DA:72,2
DA:73,2
DA:74,2
DA:75,2
DA:76,2
DA:77,3
DA:78,3
DA:79,3
DA:80,3
DA:81,3
DA:82,3
DA:83,3
DA:84,3
DA:85,3
DA:86,3
DA:87,3
DA:88,3
DA:89,3
DA:90,3
DA:91,1
DA:92,1
DA:93,2
DA:94,2
DA:95,2
DA:96,2
DA:97,2
DA:98,2
DA:99,2
DA:100,2
DA:101,2
DA:102,2
DA:103,2
DA:104,2
DA:105,1
LF:105
LH:105
BRDA:12,0,0,7
BRDA:11,1,0,7
BRDA:16,2,0,8
BRDA:24,3,0,7
BRDA:71,4,0,2
BRDA:77,5,0,3
BRDA:26,6,0,8
BRDA:44,7,0,6
BRDA:48,8,0,2
BRDA:53,9,0,4
BRDA:92,10,0,2
BRDA:98,11,0,1
BRDA:100,12,0,1
BRF:13
BRH:13
end_of_record
TN:
SF:src/job/applications/use-cases/read-job.use-case.ts
FN:10,<instance_members_initializer>
FN:9,ReadJobUseCase
FN:14,execute
FNF:3
FNH:3
FNDA:5,<instance_members_initializer>
FNDA:5,ReadJobUseCase
FNDA:5,execute
DA:1,1
DA:2,1
DA:3,1
DA:4,1
DA:5,1
DA:6,1
DA:7,1
DA:8,1
DA:9,1
DA:10,5
DA:11,5
DA:12,5
DA:13,1
DA:14,1
DA:15,5
DA:16,4
DA:17,5
DA:18,1
DA:19,1
DA:20,3
DA:21,3
DA:22,3
DA:23,5
DA:24,1
DA:25,1
DA:26,2
DA:27,2
DA:28,2
DA:29,2
DA:30,2
DA:31,2
DA:32,2
DA:33,2
DA:34,2
DA:35,2
DA:36,2
DA:37,2
DA:38,2
DA:39,2
DA:40,2
DA:41,2
DA:42,2
DA:43,2
DA:44,1
LF:44
LH:44
BRDA:10,0,0,5
BRDA:9,1,0,5
BRDA:14,2,0,5
BRDA:16,3,0,4
BRDA:17,4,0,1
BRDA:20,5,0,3
BRDA:23,6,0,1
BRDA:26,7,0,2
BRF:8
BRH:8
end_of_record
TN:
SF:src/job/applications/use-cases/update-job.use-case.ts
FN:11,<instance_members_initializer>
FN:10,UpdateJobUseCase
FN:15,execute
FNF:3
FNH:3
FNDA:5,<instance_members_initializer>
FNDA:5,UpdateJobUseCase
FNDA:5,execute
DA:1,1
DA:2,1
DA:3,1
DA:4,1
DA:5,1
DA:6,1
DA:7,1
DA:8,1
DA:9,1
DA:10,1
DA:11,5
DA:12,5
DA:13,5
DA:14,1
DA:15,1
DA:16,5
DA:17,5
DA:18,5
DA:19,5
DA:20,4
DA:21,5
DA:22,1
DA:23,1
DA:24,3
DA:25,3
DA:26,3
DA:27,5
DA:28,1
DA:29,1
DA:30,2
DA:31,2
DA:32,2
DA:33,2
DA:34,2
DA:35,2
DA:36,2
DA:37,2
DA:38,2
DA:39,2
DA:40,2
DA:41,2
DA:42,2
DA:43,2
DA:44,2
DA:45,2
DA:46,2
DA:47,1
LF:47
LH:47
BRDA:11,0,0,5
BRDA:10,1,0,5
BRDA:15,2,0,5
BRDA:20,3,0,4
BRDA:21,4,0,1
BRDA:24,5,0,3
BRDA:27,6,0,1
BRDA:30,7,0,2
BRF:8
BRH:8
end_of_record
