TN:
SF:src/apply/applications/use-cases/create-apply.use-case.ts
FN:14,<instance_members_initializer>
FN:12,CreateApplyUseCase
FN:17,execute
FNF:3
FNH:3
FNDA:3,<instance_members_initializer>
FNDA:3,CreateApplyUseCase
FNDA:3,execute
DA:1,1
DA:2,1
DA:3,1
DA:4,1
DA:5,1
DA:6,1
DA:7,1
DA:8,1
DA:9,1
DA:10,1
DA:11,1
DA:12,1
DA:13,3
DA:14,3
DA:15,3
DA:16,1
DA:17,1
DA:18,3
DA:19,3
DA:20,3
DA:21,3
DA:22,1
LF:22
LH:22
BRDA:14,0,0,3
BRDA:12,1,0,3
BRDA:17,2,0,3
BRF:3
BRH:3
end_of_record
TN:
SF:src/apply/applications/use-cases/delete-apply.use-case.ts
FN:12,<instance_members_initializer>
FN:10,DeleteApplyUseCase
FN:15,execute
FNF:3
FNH:3
FNDA:3,<instance_members_initializer>
FNDA:3,DeleteApplyUseCase
FNDA:4,execute
DA:1,1
DA:2,1
DA:3,1
DA:4,1
DA:5,1
DA:6,1
DA:7,1
DA:8,1
DA:9,1
DA:10,1
DA:11,3
DA:12,3
DA:13,3
DA:14,1
DA:15,1
DA:16,4
DA:17,3
DA:18,4
DA:19,2
DA:20,2
DA:21,1
DA:22,1
DA:23,1
DA:24,1
LF:24
LH:24
BRDA:12,0,0,3
BRDA:10,1,0,3
BRDA:15,2,0,4
BRDA:17,3,0,3
BRDA:18,4,0,2
BRDA:21,5,0,1
BRF:6
BRH:6
end_of_record
TN:
SF:src/apply/applications/use-cases/list-apply.use-case.ts
FN:13,<instance_members_initializer>
FN:11,ListApplyUseCase
FN:16,execute
FNF:3
FNH:3
FNDA:3,<instance_members_initializer>
FNDA:3,ListApplyUseCase
FNDA:3,execute
DA:1,1
DA:2,1
DA:3,1
DA:4,1
DA:5,1
DA:6,1
DA:7,1
DA:8,1
DA:9,1
DA:10,1
DA:11,1
DA:12,3
DA:13,3
DA:14,3
DA:15,1
DA:16,1
DA:17,3
DA:18,3
DA:19,1
LF:19
LH:19
BRDA:13,0,0,3
BRDA:11,1,0,3
BRDA:16,2,0,3
BRF:3
BRH:3
end_of_record
TN:
SF:src/apply/applications/use-cases/read-apply.use-case.ts
FN:13,<instance_members_initializer>
FN:11,ReadApplyUseCase
FN:16,execute
FNF:3
FNH:3
FNDA:3,<instance_members_initializer>
FNDA:3,ReadApplyUseCase
FNDA:4,execute
DA:1,1
DA:2,1
DA:3,1
DA:4,1
DA:5,1
DA:6,1
DA:7,1
DA:8,1
DA:9,1
DA:10,1
DA:11,1
DA:12,3
DA:13,3
DA:14,3
DA:15,1
DA:16,1
DA:17,4
DA:18,3
DA:19,4
DA:20,2
DA:21,2
DA:22,1
DA:23,1
DA:24,1
DA:25,1
LF:25
LH:25
BRDA:13,0,0,3
BRDA:11,1,0,3
BRDA:16,2,0,4
BRDA:18,3,0,3
BRDA:19,4,0,2
BRDA:22,5,0,1
BRF:6
BRH:6
end_of_record
TN:
SF:src/apply/applications/use-cases/update-apply.use-case.ts
FN:14,<instance_members_initializer>
FN:12,UpdateApplyUseCase
FN:17,execute
FNF:3
FNH:3
FNDA:3,<instance_members_initializer>
FNDA:3,UpdateApplyUseCase
FNDA:4,execute
DA:1,1
DA:2,1
DA:3,1
DA:4,1
DA:5,1
DA:6,1
DA:7,1
DA:8,1
DA:9,1
DA:10,1
DA:11,1
DA:12,1
DA:13,3
DA:14,3
DA:15,3
DA:16,1
DA:17,1
DA:18,4
DA:19,3
DA:20,4
DA:21,2
DA:22,2
DA:23,1
DA:24,1
DA:25,1
DA:26,1
LF:26
LH:26
BRDA:14,0,0,3
BRDA:12,1,0,3
BRDA:17,2,0,4
BRDA:19,3,0,3
BRDA:20,4,0,2
BRDA:23,5,0,1
BRF:6
BRH:6
end_of_record
TN:
SF:src/company/applications/use-cases/create-company.use-case.ts
FN:14,<instance_members_initializer>
FN:12,CreateCompanyUseCase
FN:17,execute
FNF:3
FNH:3
FNDA:3,<instance_members_initializer>
FNDA:3,CreateCompanyUseCase
FNDA:3,execute
DA:1,1
DA:2,1
DA:3,1
DA:4,1
DA:5,1
DA:6,1
DA:7,1
DA:8,1
DA:9,1
DA:10,1
DA:11,1
DA:12,1
DA:13,3
DA:14,3
DA:15,3
DA:16,1
DA:17,1
DA:18,3
DA:19,3
DA:20,3
DA:21,3
DA:22,1
LF:22
LH:22
BRDA:14,0,0,3
BRDA:12,1,0,3
BRDA:17,2,0,3
BRF:3
BRH:3
end_of_record
TN:
SF:src/company/applications/use-cases/delete-company.use-case.ts
FN:12,<instance_members_initializer>
FN:10,DeleteCompanyUseCase
FN:15,execute
FNF:3
FNH:3
FNDA:3,<instance_members_initializer>
FNDA:3,DeleteCompanyUseCase
FNDA:4,execute
DA:1,1
DA:2,1
DA:3,1
DA:4,1
DA:5,1
DA:6,1
DA:7,1
DA:8,1
DA:9,1
DA:10,1
DA:11,3
DA:12,3
DA:13,3
DA:14,1
DA:15,1
DA:16,4
DA:17,3
DA:18,4
DA:19,2
DA:20,2
DA:21,1
DA:22,1
DA:23,1
DA:24,1
LF:24
LH:24
BRDA:12,0,0,3
BRDA:10,1,0,3
BRDA:15,2,0,4
BRDA:17,3,0,3
BRDA:18,4,0,2
BRDA:21,5,0,1
BRF:6
BRH:6
end_of_record
TN:
SF:src/company/applications/use-cases/list-company.use-case.ts
FN:13,<instance_members_initializer>
FN:11,ListCompanyUseCase
FN:16,execute
FNF:3
FNH:3
FNDA:3,<instance_members_initializer>
FNDA:3,ListCompanyUseCase
FNDA:3,execute
DA:1,1
DA:2,1
DA:3,1
DA:4,1
DA:5,1
DA:6,1
DA:7,1
DA:8,1
DA:9,1
DA:10,1
DA:11,1
DA:12,3
DA:13,3
DA:14,3
DA:15,1
DA:16,1
DA:17,3
DA:18,3
DA:19,1
LF:19
LH:19
BRDA:13,0,0,3
BRDA:11,1,0,3
BRDA:16,2,0,3
BRF:3
BRH:3
end_of_record
TN:
SF:src/company/applications/use-cases/read-company.use-case.ts
FN:13,<instance_members_initializer>
FN:11,ReadCompanyUseCase
FN:16,execute
FNF:3
FNH:3
FNDA:3,<instance_members_initializer>
FNDA:3,ReadCompanyUseCase
FNDA:4,execute
DA:1,1
DA:2,1
DA:3,1
DA:4,1
DA:5,1
DA:6,1
DA:7,1
DA:8,1
DA:9,1
DA:10,1
DA:11,1
DA:12,3
DA:13,3
DA:14,3
DA:15,1
DA:16,1
DA:17,4
DA:18,3
DA:19,4
DA:20,2
DA:21,2
DA:22,1
DA:23,1
DA:24,1
DA:25,1
LF:25
LH:25
BRDA:13,0,0,3
BRDA:11,1,0,3
BRDA:16,2,0,4
BRDA:18,3,0,3
BRDA:19,4,0,2
BRDA:22,5,0,1
BRF:6
BRH:6
end_of_record
TN:
SF:src/company/applications/use-cases/update-company.use-case.ts
FN:14,<instance_members_initializer>
FN:12,UpdateCompanyUseCase
FN:17,execute
FNF:3
FNH:3
FNDA:3,<instance_members_initializer>
FNDA:3,UpdateCompanyUseCase
FNDA:4,execute
DA:1,1
DA:2,1
DA:3,1
DA:4,1
DA:5,1
DA:6,1
DA:7,1
DA:8,1
DA:9,1
DA:10,1
DA:11,1
DA:12,1
DA:13,3
DA:14,3
DA:15,3
DA:16,1
DA:17,1
DA:18,4
DA:19,3
DA:20,4
DA:21,2
DA:22,2
DA:23,1
DA:24,1
DA:25,1
DA:26,1
LF:26
LH:26
BRDA:14,0,0,3
BRDA:12,1,0,3
BRDA:17,2,0,4
BRDA:19,3,0,3
BRDA:20,4,0,2
BRDA:23,5,0,1
BRF:6
BRH:6
end_of_record
TN:
SF:src/health-check/applications/use-cases/health-check.use-case.ts
FN:6,execute
FNF:1
FNH:1
FNDA:2,execute
DA:1,1
DA:2,1
DA:3,1
DA:4,1
DA:5,1
DA:6,1
DA:7,2
DA:8,2
DA:9,2
DA:10,2
DA:11,2
DA:12,2
DA:13,1
LF:13
LH:13
BRDA:6,0,0,2
BRDA:10,1,0,1
BRF:2
BRH:2
end_of_record
TN:
SF:src/job/applications/use-cases/create-job.use-case.ts
FN:18,<instance_members_initializer>
FN:16,CreateJobUseCase
FN:23,execute
FNF:3
FNH:3
FNDA:5,<instance_members_initializer>
FNDA:5,CreateJobUseCase
FNDA:6,execute
DA:1,1
DA:2,1
DA:3,1
DA:4,1
DA:5,1
DA:6,1
DA:7,1
DA:8,1
DA:9,1
DA:10,1
DA:11,1
DA:12,1
DA:13,1
DA:14,1
DA:15,1
DA:16,1
DA:17,5
DA:18,5
DA:19,5
DA:20,5
DA:21,5
DA:22,1
DA:23,1
DA:24,6
DA:25,6
DA:26,6
DA:27,5
DA:28,5
DA:29,5
DA:30,6
DA:31,2
DA:32,2
DA:33,3
DA:34,3
DA:35,3
DA:36,3
DA:37,3
DA:38,3
DA:39,3
DA:40,3
DA:41,3
DA:42,3
DA:43,3
DA:44,3
DA:45,3
DA:46,3
DA:47,3
DA:48,3
DA:49,6
DA:50,6
DA:51,6
DA:52,6
DA:53,6
DA:54,6
DA:55,6
DA:56,6
DA:57,6
DA:58,6
DA:59,1
LF:59
LH:59
BRDA:18,0,0,5
BRDA:16,1,0,5
BRDA:23,2,0,6
BRDA:27,3,0,5
BRDA:30,4,0,2
BRDA:33,5,0,3
BRDA:49,6,0,1
BRDA:51,7,0,1
BRDA:52,8,0,1
BRF:9
BRH:9
end_of_record
TN:
SF:src/job/applications/use-cases/delete-job.use-case.ts
FN:12,<instance_members_initializer>
FN:10,DeleteJobUseCase
FN:15,execute
FNF:3
FNH:3
FNDA:3,<instance_members_initializer>
FNDA:3,DeleteJobUseCase
FNDA:4,execute
DA:1,1
DA:2,1
DA:3,1
DA:4,1
DA:5,1
DA:6,1
DA:7,1
DA:8,1
DA:9,1
DA:10,1
DA:11,3
DA:12,3
DA:13,3
DA:14,1
DA:15,1
DA:16,4
DA:17,3
DA:18,4
DA:19,2
DA:20,2
DA:21,1
DA:22,1
DA:23,1
DA:24,1
LF:24
LH:24
BRDA:12,0,0,3
BRDA:10,1,0,3
BRDA:15,2,0,4
BRDA:17,3,0,3
BRDA:18,4,0,2
BRDA:21,5,0,1
BRF:6
BRH:6
end_of_record
TN:
SF:src/job/applications/use-cases/list-job.use-case.ts
FN:21,<instance_members_initializer>
FN:27,ListJobUseCase
FN:40,execute
FN:125,getEmptyMetadata
FNF:4
FNH:4
FNDA:7,<instance_members_initializer>
FNDA:7,ListJobUseCase
FNDA:7,execute
FNDA:2,getEmptyMetadata
DA:1,1
DA:2,1
DA:3,1
DA:4,1
DA:5,1
DA:6,1
DA:7,1
DA:8,1
DA:9,1
DA:10,1
DA:11,1
DA:12,1
DA:13,1
DA:14,1
DA:15,1
DA:16,1
DA:17,1
DA:18,1
DA:19,1
DA:20,1
DA:21,1
DA:22,7
DA:23,7
DA:24,7
DA:25,1
DA:26,1
DA:27,1
DA:28,7
DA:29,7
DA:30,7
DA:31,7
DA:32,1
DA:33,1
DA:34,7
DA:35,7
DA:36,7
DA:37,7
DA:38,7
DA:39,1
DA:40,1
DA:41,7
DA:42,7
DA:43,7
DA:44,7
DA:45,7
DA:46,7
DA:47,7
DA:48,6
DA:49,6
DA:50,6
DA:51,8
DA:52,8
DA:53,8
DA:54,8
DA:55,8
DA:56,8
DA:57,8
DA:58,8
DA:59,8
DA:60,8
DA:61,8
DA:62,8
DA:63,8
DA:64,8
DA:65,6
DA:66,6
DA:67,6
DA:68,6
DA:69,5
DA:70,5
DA:71,5
DA:72,1
DA:73,1
DA:74,1
DA:75,1
DA:76,4
DA:77,4
DA:78,4
DA:79,4
DA:80,4
DA:81,4
DA:82,4
DA:83,4
DA:84,4
DA:85,4
DA:86,4
DA:87,4
DA:88,5
DA:89,5
DA:90,5
DA:91,2
DA:92,5
DA:93,5
DA:94,5
DA:95,5
DA:96,5
DA:97,5
DA:98,5
DA:99,5
DA:100,6
DA:101,6
DA:102,7
DA:103,2
DA:104,2
DA:105,2
DA:106,2
DA:107,2
DA:108,2
DA:109,2
DA:110,3
DA:111,3
DA:112,3
DA:113,3
DA:114,3
DA:115,3
DA:116,3
DA:117,3
DA:118,3
DA:119,3
DA:120,3
DA:121,3
DA:122,3
DA:123,3
DA:124,1
DA:125,1
DA:126,2
DA:127,2
DA:128,2
DA:129,2
DA:130,2
DA:131,2
DA:132,2
DA:133,2
DA:134,2
DA:135,2
DA:136,2
DA:137,2
DA:138,2
DA:139,2
DA:140,2
DA:141,2
DA:142,2
DA:143,2
DA:144,1
LF:144
LH:144
BRDA:33,0,0,1
BRDA:21,1,0,7
BRDA:27,2,0,7
BRDA:40,3,0,7
BRDA:48,4,0,6
BRDA:102,5,0,2
BRDA:110,6,0,3
BRDA:50,7,0,8
BRDA:57,8,0,1
BRDA:59,9,0,1
BRDA:60,10,0,1
BRDA:68,11,0,5
BRDA:71,12,0,1
BRDA:76,13,0,4
BRDA:88,14,0,3
BRDA:89,15,0,2
BRDA:90,16,0,2
BRDA:125,17,0,2
BRDA:131,18,0,1
BRDA:133,19,0,1
BRF:20
BRH:20
end_of_record
TN:
SF:src/job/applications/use-cases/read-job.use-case.ts
FN:18,<instance_members_initializer>
FN:16,ReadJobUseCase
FN:23,execute
FNF:3
FNH:3
FNDA:5,<instance_members_initializer>
FNDA:5,ReadJobUseCase
FNDA:7,execute
DA:1,1
DA:2,1
DA:3,1
DA:4,1
DA:5,1
DA:6,1
DA:7,1
DA:8,1
DA:9,1
DA:10,1
DA:11,1
DA:12,1
DA:13,1
DA:14,1
DA:15,1
DA:16,1
DA:17,5
DA:18,5
DA:19,5
DA:20,5
DA:21,5
DA:22,1
DA:23,1
DA:24,7
DA:25,6
DA:26,7
DA:27,2
DA:28,2
DA:29,4
DA:30,4
DA:31,4
DA:32,7
DA:33,2
DA:34,2
DA:35,2
DA:36,2
DA:37,2
DA:38,2
DA:39,2
DA:40,2
DA:41,2
DA:42,2
DA:43,2
DA:44,2
DA:45,2
DA:46,7
DA:47,7
DA:48,7
DA:49,7
DA:50,7
DA:51,7
DA:52,7
DA:53,7
DA:54,7
DA:55,7
DA:56,7
DA:57,7
DA:58,7
DA:59,7
DA:60,7
DA:61,7
DA:62,7
DA:63,7
DA:64,7
DA:65,7
DA:66,7
DA:67,7
DA:68,7
DA:69,7
DA:70,1
LF:70
LH:70
BRDA:18,0,0,5
BRDA:16,1,0,5
BRDA:23,2,0,7
BRDA:25,3,0,6
BRDA:26,4,0,2
BRDA:29,5,0,4
BRDA:32,6,0,2
BRDA:46,7,0,1
BRDA:47,8,0,1
BRDA:48,9,0,1
BRDA:58,10,0,1
BRDA:60,11,0,1
BRDA:61,12,0,1
BRF:13
BRH:13
end_of_record
TN:
SF:src/job/applications/use-cases/update-job.use-case.ts
FN:18,<instance_members_initializer>
FN:16,UpdateJobUseCase
FN:23,execute
FNF:3
FNH:3
FNDA:5,<instance_members_initializer>
FNDA:5,UpdateJobUseCase
FNDA:7,execute
DA:1,1
DA:2,1
DA:3,1
DA:4,1
DA:5,1
DA:6,1
DA:7,1
DA:8,1
DA:9,1
DA:10,1
DA:11,1
DA:12,1
DA:13,1
DA:14,1
DA:15,1
DA:16,1
DA:17,5
DA:18,5
DA:19,5
DA:20,5
DA:21,5
DA:22,1
DA:23,1
DA:24,7
DA:25,6
DA:26,7
DA:27,2
DA:28,2
DA:29,4
DA:30,4
DA:31,4
DA:32,7
DA:33,2
DA:34,2
DA:35,2
DA:36,2
DA:37,2
DA:38,2
DA:39,2
DA:40,2
DA:41,2
DA:42,2
DA:43,2
DA:44,2
DA:45,2
DA:46,2
DA:47,2
DA:48,2
DA:49,2
DA:50,2
DA:51,7
DA:52,7
DA:53,7
DA:54,7
DA:55,7
DA:56,7
DA:57,7
DA:58,7
DA:59,7
DA:60,7
DA:61,1
LF:61
LH:61
BRDA:18,0,0,5
BRDA:16,1,0,5
BRDA:23,2,0,7
BRDA:25,3,0,6
BRDA:26,4,0,2
BRDA:29,5,0,4
BRDA:32,6,0,2
BRDA:51,7,0,1
BRDA:53,8,0,1
BRDA:54,9,0,1
BRF:10
BRH:10
end_of_record
TN:
SF:src/shared/applications/utils/masks.utils.ts
FN:4,applyBrazilianSalaryMask
FNF:1
FNH:1
FNDA:8,applyBrazilianSalaryMask
DA:1,1
DA:2,1
DA:3,1
DA:4,1
DA:5,8
DA:6,1
DA:7,1
DA:8,7
DA:9,7
DA:10,7
DA:11,7
DA:12,7
DA:13,7
DA:14,7
DA:15,7
DA:16,8
DA:17,2
DA:18,2
DA:19,8
DA:20,8
DA:21,8
DA:22,8
DA:23,8
DA:24,1
DA:25,1
DA:26,6
DA:27,6
DA:28,6
DA:29,6
DA:30,6
DA:31,6
DA:32,6
DA:33,6
DA:34,1
LF:34
LH:34
BRDA:4,0,0,8
BRDA:5,1,0,1
BRDA:8,2,0,7
BRDA:16,3,0,2
BRDA:19,4,0,5
BRDA:23,5,0,1
BRDA:26,6,0,6
BRF:7
BRH:7
end_of_record
TN:
SF:src/shared/applications/utils/metadata.utils.ts
FN:15,getDadosPaginacao
FNF:1
FNH:1
FNDA:2,getDadosPaginacao
DA:1,1
DA:2,1
DA:3,1
DA:4,1
DA:5,1
DA:6,1
DA:7,1
DA:8,1
DA:9,1
DA:10,1
DA:11,1
DA:12,1
DA:13,1
DA:14,1
DA:15,1
DA:16,2
DA:17,2
DA:18,2
DA:19,2
DA:20,2
DA:21,2
DA:22,2
DA:23,2
DA:24,2
DA:25,2
DA:26,2
DA:27,2
DA:28,2
DA:29,2
DA:30,2
DA:31,2
DA:32,2
DA:33,2
DA:34,2
DA:35,2
DA:36,2
DA:37,2
DA:38,2
DA:39,2
DA:40,2
DA:41,2
DA:42,2
DA:43,2
DA:44,2
DA:45,2
DA:46,1
LF:46
LH:46
BRDA:15,0,0,2
BRDA:37,1,0,1
BRDA:38,2,0,1
BRDA:40,3,0,1
BRDA:41,4,0,1
BRF:5
BRH:5
end_of_record
